#
# A fatal error has been detected by the Java Runtime Environment:
#
#  Internal Error (jvmciRuntime.cpp:1609), pid=35, tid=64
#  fatal error: Fatal exception in JVMCI: Error calling jdk.vm.ci.services.Services.serializeSavedProperties
#
# JRE version: OpenJDK Runtime Environment GraalVM CE 22.3.0 (17.0.5+8) (build 17.0.5+8-jvmci-22.3-b08)
# Java VM: OpenJDK 64-Bit Server VM GraalVM CE 22.3.0 (17.0.5+8-jvmci-22.3-b08, mixed mode, sharing, tiered, jvmci, jvmci compiler, compressed oops, compressed class ptrs, parallel gc, linux-amd64)
# Problematic frame:
# V  [libjvm.so+0x972714]  JVMCIRuntime::fatal_exception(JVMCIEnv*, char const*)+0x74
#
# Core dump will be written. Default location: Core dumps may be processed with "/usr/share/apport/apport -p%p -s%s -c%c -d%d -P%P -u%u -g%g -- %E" (or dumping to /home/runner/OOP-assignment/core.35)
#
# If you would like to submit a bug report, please visit:
#   https://github.com/oracle/graal/issues
#

---------------  S U M M A R Y ------------

Command Line: -XX:ThreadPriorityPolicy=1 -XX:+UnlockExperimentalVMOptions -XX:+EnableJVMCIProduct -XX:JVMCIThreadsPerNativeLibraryRuntime=1 -XX:-UnlockExperimentalVMOptions -Declipse.application=org.eclipse.jdt.ls.core.id1 -Dosgi.bundles.defaultStartLevel=4 -Declipse.product=org.eclipse.jdt.ls.core.product -Dlog.level=ALL -Xverify:none -XX:+UseParallelGC -XX:GCTimeRatio=4 -XX:AdaptiveSizePolicyWeight=90 -Dsun.zip.disableMemoryMapping=true -Xmx512m -Xms100m /nix/store/a7s9klvriqi68xz3qjc0qyfl5h86xc16-jdt-language-server-1.9.0/share/java/plugins/org.eclipse.equinox.launcher_1.6.400.v20210924-0641.jar --add-modules=ALL-SYSTEM --add-opens java.base/java.util=ALL-UNNAMED --add-opens java.base/java.lang=ALL-UNNAMED -configuration /home/runner/.cache/jdt-language-server/config -data /home/runner/.cache/jdt-language-server/data/home/runner/OOP-assignment

Host: Intel(R) Xeon(R) CPU @ 2.20GHz, 4 cores, 1G, Ubuntu 20.04.2 LTS
Time: Sat Oct 21 10:28:11 2023 UTC elapsed time: 2240.427206 seconds (0d 0h 37m 20s)

---------------  T H R E A D  ---------------

Current thread (0x00007f95140b1c40):  JavaThread "JVMCI-native CompilerThread0" daemon [_thread_in_vm, id=64, stack(0x00007f94faecd000,0x00007f94fb0cd000)]


Current CompileTask:
JVMCI-native:2240427 11131       4       java.lang.Class::getClassLoader (28 bytes)

Stack: [0x00007f94faecd000,0x00007f94fb0cd000],  sp=0x00007f94fb0cb380,  free space=2040k
Native frames: (J=compiled Java code, j=interpreted, Vv=VM code, C=native code)
V  [libjvm.so+0x972714]  JVMCIRuntime::fatal_exception(JVMCIEnv*, char const*)+0x74
V  [libjvm.so+0x93e2fe]  JVMCIEnv::copy_saved_properties()+0x14e
V  [libjvm.so+0x9732a9]  JVMCIRuntime::initialize(JVMCIEnv*)+0xb19
V  [libjvm.so+0x9738a2]  JVMCIRuntime::get_HotSpotJVMCIRuntime(JVMCIEnv*)+0x12
V  [libjvm.so+0x9749f2]  JVMCIRuntime::compile_method(JVMCIEnv*, JVMCICompiler*, methodHandle const&, int)+0xd2
V  [libjvm.so+0x5b0d20]  CompileBroker::invoke_compiler_on_method(CompileTask*)+0x1470
V  [libjvm.so+0x5b12e8]  CompileBroker::compiler_thread_loop()+0x528
V  [libjvm.so+0xd82460]  JavaThread::thread_main_inner()+0xd0
V  [libjvm.so+0xd85a40]  Thread::call_run()+0xc0
V  [libjvm.so+0xbdb1e1]  thread_native_entry(Thread*)+0xe1

Register to memory mapping:

RAX=0x00007f951ab09000 points into unknown readable memory: 0x0000000000000058 | 58 00 00 00 00 00 00 00
RBX=0x00007f951bc04398: <offset 0x0000000000ef5398> in /nix/store/gpxl5qgg8kicmcvivwmybwjlpf7wh20l-graalvm17-ce-22.3.0/lib/server/libjvm.so at 0x00007f951ad0f000
RCX=0x00007f951bbbc1e8: <offset 0x0000000000ead1e8> in /nix/store/gpxl5qgg8kicmcvivwmybwjlpf7wh20l-graalvm17-ce-22.3.0/lib/server/libjvm.so at 0x00007f951ad0f000
RDX=0x0000000000000649 is an unknown value
RSP=0x00007f94fb0cb380 is pointing into the stack for thread: 0x00007f95140b1c40
RBP=0x00007f94fb0cb3a0 is pointing into the stack for thread: 0x00007f95140b1c40
RSI=0x00007f951bc04c48: <offset 0x0000000000ef5c48> in /nix/store/gpxl5qgg8kicmcvivwmybwjlpf7wh20l-graalvm17-ce-22.3.0/lib/server/libjvm.so at 0x00007f951ad0f000
RDI=0x00000000e0000000 is an oop: [B 
{0x00000000e0000000} - klass: {type array byte}
 - length: 2
R8 =0x00007f951bc04398: <offset 0x0000000000ef5398> in /nix/store/gpxl5qgg8kicmcvivwmybwjlpf7wh20l-graalvm17-ce-22.3.0/lib/server/libjvm.so at 0x00007f951ad0f000
R9 =0x00007f94fb0cb330 is pointing into the stack for thread: 0x00007f95140b1c40
R10=0x00007f94fb0cc948 is pointing into the stack for thread: 0x00007f95140b1c40
R11=0x0000000000000293 is an unknown value
R12=0x0 is NULL
R13=0x00007f95140b1c40 is a thread
R14=0x00007f9514000b80 points into unknown readable memory: 0x00007f951be35a38 | 38 5a e3 1b 95 7f 00 00
R15=0x00007f951bf43e40: <offset 0x0000000001234e40> in /nix/store/gpxl5qgg8kicmcvivwmybwjlpf7wh20l-graalvm17-ce-22.3.0/lib/server/libjvm.so at 0x00007f951ad0f000


Registers:
RAX=0x00007f951ab09000, RBX=0x00007f951bc04398, RCX=0x00007f951bbbc1e8, RDX=0x0000000000000649
RSP=0x00007f94fb0cb380, RBP=0x00007f94fb0cb3a0, RSI=0x00007f951bc04c48, RDI=0x00000000e0000000
R8 =0x00007f951bc04398, R9 =0x00007f94fb0cb330, R10=0x00007f94fb0cc948, R11=0x0000000000000293
R12=0x0000000000000000, R13=0x00007f95140b1c40, R14=0x00007f9514000b80, R15=0x00007f951bf43e40
RIP=0x00007f951b681714, EFLAGS=0x0000000000010206, CSGSFS=0x002b000000000033, ERR=0x0000000000000006
  TRAPNO=0x000000000000000e

Top of Stack: (sp=0x00007f94fb0cb380)
0x00007f94fb0cb380:   00007f94fb0cb940 00007f95140b1c40
0x00007f94fb0cb390:   00007f951949a8c8 0000000800c417a0
0x00007f94fb0cb3a0:   00007f94fb0cb500 00007f951b64d2fe
0x00007f94fb0cb3b0:   00007f94fb0cb3e0 00007f94fb0cb440 

Instructions: (pc=0x00007f951b681714)
0x00007f951b681614:   30 e8 f6 cf e8 ff 4c 89 e7 e8 2e 48 d1 ff 84 db
0x00007f951b681624:   75 2a 4d 85 ed 74 04 4d 8b 6d 00 48 83 c4 08 44
0x00007f951b681634:   89 f9 4c 89 f2 4c 89 ee 5b 4c 89 e7 41 5c 41 5d
0x00007f951b681644:   41 5e 41 5f 5d e9 e2 47 d1 ff 66 90 48 83 c4 08
0x00007f951b681654:   5b 41 5c 41 5d 41 5e 41 5f 5d c3 90 31 d2 be 08
0x00007f951b681664:   00 00 00 4c 89 ff e8 b1 78 a3 ff 49 89 c5 e9 37
0x00007f951b681674:   ff ff ff 66 0f 1f 84 00 00 00 00 00 48 8b 7a 08
0x00007f951b681684:   e9 6d ff ff ff 0f 1f 80 00 00 00 00 e8 5b 48 0a
0x00007f951b681694:   00 84 c0 75 89 e9 6a ff ff ff 66 90 55 48 89 e5
0x00007f951b6816a4:   41 56 41 55 41 54 49 89 fc 53 48 89 f3 66 48 8d
0x00007f951b6816b4:   3d 27 5e 85 00 66 66 48 e8 df 43 8d ff 4c 8b 28
0x00007f951b6816c4:   8b 05 be 72 8a 00 85 c0 75 14 ba 01 00 00 00 48
0x00007f951b6816d4:   8d 0d ae 72 8a 00 f0 0f b1 11 85 c0 74 4e be c8
0x00007f951b6816e4:   00 00 00 4c 89 ef e8 01 0b 41 00 48 8d 05 12 ac
0x00007f951b6816f4:   85 00 49 89 d8 48 8d 0d e8 aa 53 00 ba 49 06 00
0x00007f951b681704:   00 48 8d 35 3c 35 58 00 bf 00 00 00 e0 48 8b 00
0x00007f951b681714:   c6 00 58 31 c0 e8 e2 91 c6 ff 5b 41 5c 41 5d 41
0x00007f951b681724:   5e 5d e9 55 34 26 00 0f 1f 44 00 00 48 8d 05 81
0x00007f951b681734:   a3 8b 00 48 89 df 4c 8b 30 e8 9e 43 8d ff 48 89
0x00007f951b681744:   de 48 89 c2 49 8b 06 4c 89 f7 ff 50 08 4c 89 f7
0x00007f951b681754:   e8 a7 5c 27 00 4d 85 e4 74 12 be 01 00 00 00 4c
0x00007f951b681764:   89 e7 e8 35 43 fc ff eb 82 0f 1f 00 be 01 00 00
0x00007f951b681774:   00 4c 89 ef e8 d3 fd ff ff e9 6d ff ff ff 66 66
0x00007f951b681784:   2e 0f 1f 84 00 00 00 00 00 0f 1f 00 55 48 89 e5
0x00007f951b681794:   41 57 41 56 41 55 41 54 53 48 81 ec 08 02 00 00
0x00007f951b6817a4:   64 48 8b 04 25 28 00 00 00 48 89 45 c8 8b 07 83
0x00007f951b6817b4:   f8 02 0f 84 11 04 00 00 4c 8b 6f 18 49 89 ff 49
0x00007f951b6817c4:   89 f4 4d 85 ed 74 14 4c 89 ef e8 5d 57 22 00 41
0x00007f951b6817d4:   8b 07 83 f8 02 0f 84 19 04 00 00 48 8d 1d 9a 06
0x00007f951b6817e4:   8a 00 4c 8d 35 0b 3c 58 00 eb 38 90 48 85 d2 7f
0x00007f951b6817f4:   0d 48 8d 05 b4 c0 85 00 48 83 38 00 7e 0e 41 8b
0x00007f951b681804:   77 2c 4c 89 f7 31 c0 e8 a0 b2 f7 ff 49 8b 7f 18 


Stack slot to memory mapping:
stack at sp + 0 slots: 0x00007f94fb0cb940 is pointing into the stack for thread: 0x00007f95140b1c40
stack at sp + 1 slots: 0x00007f95140b1c40 is a thread
stack at sp + 2 slots: 0x00007f951949a8c8 points into unknown readable memory: 0x6573001880c9ffff | ff ff c9 80 18 00 73 65
stack at sp + 3 slots: 0x0000000800c417a0 is a pointer to class: 
jdk.vm.ci.services.Services {0x0000000800c417a0}
 - instance size:     2
 - klass size:        65
 - access:            public final synchronized 
 - state:             fully_initialized
 - name:              'jdk/vm/ci/services/Services'
 - super:             'java/lang/Object'
 - sub:               
 - arrays:            NULL
 - methods:           Array<T>(0x00007f95184410b0)
 - method ordering:   Array<T>(0x0000000800928960)
 - default_methods:   Array<T>(0x0000000000000000)
 - local interfaces:  Array<T>(0x00000008005ce810)
 - trans. interfaces: Array<T>(0x00000008005ce810)
 - constants:         constant pool [427] {0x00007f9518440190} for 'jdk/vm/ci/services/Services' cache=0x00007f9518442380
 - class loader data:  loader data: 0x00007f9514027cc0 of 'bootstrap'
 - source file:       'Services.java'
 - class annotations:       Array<T>(0x0000000000000000)
 - class type annotations:  Array<T>(0x0000000000000000)
 - field annotations:       Array<T>(0x0000000000000000)
 - field type annotations:  Array<T>(0x0000000000000000)
 - inner classes:     Array<T>(0x00007f9518442350)
 - nest members:     Array<T>(0x00007f9518442370)
 - permitted subclasses:     Array<T>(0x00000008005ce7a0)
 - java mirror:       a 'java/lang/Class'{0x00000000e017e180} = 'jdk/vm/ci/services/Services'
 - vtable length      5  (start addr: 0x0000000800c41970)
 - itable length      2 (start addr: 0x0000000800c41998)
 - ---- static fields (3 words):
 - public static final 'IS_BUILDING_NATIVE_IMAGE' 'Z' @128 
 - public static final 'IS_IN_NATIVE_IMAGE' 'Z' @129 
 - private static volatile 'savedProperties' 'Ljava/util/Map;' @112 
 - static final 'JVMCI_ENABLED' 'Z' @130 
 - private static final 'servicesCache' 'Ljava/util/Map;' @116 
 - private static final 'MAX_UNICODE_IN_UTF8_LENGTH' 'I' @120 
 - private static final 'MAX_UTF8_PROPERTY_STRING_LENGTH' 'I' @124 
 - ---- non-static fields (0 words):
 - non-static oop maps: 
stack at sp + 4 slots: 0x00007f94fb0cb500 is pointing into the stack for thread: 0x00007f95140b1c40
stack at sp + 5 slots: 0x00007f951b64d2fe: <offset 0x000000000093e2fe> in /nix/store/gpxl5qgg8kicmcvivwmybwjlpf7wh20l-graalvm17-ce-22.3.0/lib/server/libjvm.so at 0x00007f951ad0f000
stack at sp + 6 slots: 0x00007f94fb0cb3e0 is pointing into the stack for thread: 0x00007f95140b1c40
stack at sp + 7 slots: 0x00007f94fb0cb440 is pointing into the stack for thread: 0x00007f95140b1c40


---------------  P R O C E S S  ---------------

Threads class SMR info:
_java_thread_list=0x00007f94c4001920, length=26, elements={
0x00007f9514025f60, 0x00007f95140a5f00, 0x00007f95140a7340, 0x00007f95140adab0,
0x00007f95140aee60, 0x00007f95140b0250, 0x00007f95140b1c40, 0x00007f95140b3150,
0x00007f95140b45a0, 0x00007f95140d7940, 0x00007f95141204b0, 0x00007f95143036f0,
0x00007f95143374c0, 0x00007f9514339380, 0x00007f95145fe6a0, 0x00007f94b001a7e0,
0x00007f94b02a8960, 0x00007f94b030ca30, 0x00007f94b024aa80, 0x00007f9494007c10,
0x00007f951440bbf0, 0x00007f95143a79b0, 0x00007f94a813be60, 0x00007f94a813cf80,
0x00007f94940010d0, 0x00007f949c001dd0
}

Java Threads: ( => current thread )
  0x00007f9514025f60 JavaThread "main" [_thread_blocked, id=55, stack(0x00007f951ab2a000,0x00007f951ac2a000)]
  0x00007f95140a5f00 JavaThread "Reference Handler" daemon [_thread_blocked, id=59, stack(0x00007f9518300000,0x00007f9518400000)]
  0x00007f95140a7340 JavaThread "Finalizer" daemon [_thread_blocked, id=60, stack(0x00007f9518200000,0x00007f9518300000)]
  0x00007f95140adab0 JavaThread "Signal Dispatcher" daemon [_thread_blocked, id=61, stack(0x00007f9518100000,0x00007f9518200000)]
  0x00007f95140aee60 JavaThread "Service Thread" daemon [_thread_blocked, id=62, stack(0x00007f9518000000,0x00007f9518100000)]
  0x00007f95140b0250 JavaThread "Monitor Deflation Thread" daemon [_thread_blocked, id=63, stack(0x00007f94fb0cd000,0x00007f94fb1cd000)]
=>0x00007f95140b1c40 JavaThread "JVMCI-native CompilerThread0" daemon [_thread_in_vm, id=64, stack(0x00007f94faecd000,0x00007f94fb0cd000)]
  0x00007f95140b3150 JavaThread "C1 CompilerThread0" daemon [_thread_blocked, id=65, stack(0x00007f94faccd000,0x00007f94faecd000)]
  0x00007f95140b45a0 JavaThread "Sweeper thread" daemon [_thread_blocked, id=66, stack(0x00007f94fabcd000,0x00007f94faccd000)]
  0x00007f95140d7940 JavaThread "Common-Cleaner" daemon [_thread_blocked, id=69, stack(0x00007f94faacd000,0x00007f94fabcd000)]
  0x00007f95141204b0 JavaThread "Notification Thread" daemon [_thread_blocked, id=73, stack(0x00007f94fa9cd000,0x00007f94faacd000)]
  0x00007f95143036f0 JavaThread "Active Thread: Equinox Container: 73637662-df89-4c69-901d-f25dbb4de420" [_thread_blocked, id=125, stack(0x00007f94fa7a9000,0x00007f94fa8a9000)]
  0x00007f95143374c0 JavaThread "Framework Event Dispatcher: Equinox Container: 73637662-df89-4c69-901d-f25dbb4de420" daemon [_thread_blocked, id=142, stack(0x00007f94f8300000,0x00007f94f8400000)]
  0x00007f9514339380 JavaThread "Start Level: Equinox Container: 73637662-df89-4c69-901d-f25dbb4de420" daemon [_thread_blocked, id=144, stack(0x00007f94f8100000,0x00007f94f8200000)]
  0x00007f95145fe6a0 JavaThread "Refresh Thread: Equinox Container: 73637662-df89-4c69-901d-f25dbb4de420" daemon [_thread_blocked, id=159, stack(0x00007f94c2d00000,0x00007f94c2e00000)]
  0x00007f94b001a7e0 JavaThread "SCR Component Actor" daemon [_thread_blocked, id=193, stack(0x00007f94c2b00000,0x00007f94c2c00000)]
  0x00007f94b02a8960 JavaThread "Worker-JM" [_thread_blocked, id=248, stack(0x00007f94c2700000,0x00007f94c2800000)]
  0x00007f94b030ca30 JavaThread "Worker-0" [_thread_blocked, id=255, stack(0x00007f94c2500000,0x00007f94c2600000)]
  0x00007f94b024aa80 JavaThread "Bundle File Closer" daemon [_thread_blocked, id=290, stack(0x00007f94c1f00000,0x00007f94c2000000)]
  0x00007f9494007c10 JavaThread "Worker-2: Periodic workspace save." [_thread_blocked, id=313, stack(0x00007f94c2900000,0x00007f94c2a00000)]
  0x00007f951440bbf0 JavaThread "pool-3-thread-1" [_thread_blocked, id=316, stack(0x00007f94c1d00000,0x00007f94c1e00000)]
  0x00007f95143a79b0 JavaThread "pool-2-thread-1" [_thread_in_native, id=337, stack(0x00007f94c1b00000,0x00007f94c1c00000)]
  0x00007f94a813be60 JavaThread "Thread-6" [_thread_blocked, id=826, stack(0x00007f94c2400000,0x00007f94c2500000)]
  0x00007f94a813cf80 JavaThread "Thread-7" [_thread_blocked, id=827, stack(0x00007f94c0300000,0x00007f94c0400000)]
  0x00007f94940010d0 JavaThread "Java indexing" daemon [_thread_blocked, id=1719, stack(0x00007f94c1900000,0x00007f94c1a00000)]
  0x00007f949c001dd0 JavaThread "Worker-7" [_thread_blocked, id=3845, stack(0x00007f94c0100000,0x00007f94c0200000)]

Other Threads:
  0x00007f95140a1640 VMThread "VM Thread" [stack: 0x00007f9518c43000,0x00007f9518d43000] [id=57] _threads_hazard_ptr=0x00007f94c4001920
  0x00007f9514121e50 WatcherThread [stack: 0x00007f94fa8cd000,0x00007f94fa9cd000] [id=74]
  0x00007f951403d860 GCTaskThread "GC Thread#0" [stack: 0x00007f951a6ed000,0x00007f951a7ed000] [id=56]

Threads with active compile tasks:
JVMCI-native CompilerThread0  2240592 11131       4       java.lang.Class::getClassLoader (28 bytes)

VM state: synchronizing (normal execution)

VM Mutex/Monitor currently owned by a thread:  ([mutex/lock_event])
[0x00007f9514023110] Threads_lock - owner thread: 0x00007f95140a1640
[0x00007f95140238c0] Heap_lock - owner thread: 0x00007f94a813be60

OutOfMemory and StackOverflow Exception counts:
OutOfMemoryError java_heap_errors=10
LinkageErrors=73

Heap address: 0x00000000e0000000, size: 512 MB, Compressed Oops mode: 32-bit

CDS archive(s) mapped at: [0x0000000800000000-0x0000000800bc8000-0x0000000800bc8000), size 12353536, SharedBaseAddress: 0x0000000800000000, ArchiveRelocationMode: 0.
Compressed class space mapped at: 0x0000000800c00000-0x0000000840c00000, reserved size: 1073741824
Narrow klass base: 0x0000000800000000, Narrow klass shift: 0, Narrow klass range: 0x100000000

GC Precious Log:
 CPUs: 4 total, 1 available
 Memory: 1024M
 Large Page Support: Disabled
 NUMA Support: Disabled
 Compressed Oops: Enabled (32-bit)
 Alignments: Space 512K, Generation 512K, Heap 2M
 Heap Min Capacity: 100M
 Heap Initial Capacity: 100M
 Heap Max Capacity: 512M
 Pre-touch: Disabled
 Parallel Workers: 1

Heap:
 PSYoungGen      total 23552K, used 17919K [0x00000000f5580000, 0x00000000f7480000, 0x0000000100000000)
  eden space 17920K, 99% used [0x00000000f5580000,0x00000000f66ffff0,0x00000000f6700000)
  from space 5632K, 0% used [0x00000000f6d00000,0x00000000f6d00000,0x00000000f7280000)
  to   space 6144K, 0% used [0x00000000f6700000,0x00000000f6700000,0x00000000f6d00000)
 ParOldGen       total 349696K, used 349695K [0x00000000e0000000, 0x00000000f5580000, 0x00000000f5580000)
  object space 349696K, 99% used [0x00000000e0000000,0x00000000f557ff38,0x00000000f5580000)
 Metaspace       used 63747K, committed 64896K, reserved 1114112K
  class space    used 6256K, committed 6720K, reserved 1048576K

Card table byte_map: [0x00007f951a7ed000,0x00007f951a8ee000] _byte_map_base: 0x00007f951a0ed000

Marking Bits: (ParMarkBitMap*) 0x00007f951bf3d4c0
 Begin Bits: [0x00007f9519640000, 0x00007f9519e40000)
 End Bits:   [0x00007f9519e40000, 0x00007f951a640000)

Polling page: 0x00007f951ab07000

Metaspace:

Usage:
  Non-class:     56.14 MB used.
      Class:      6.11 MB used.
       Both:     62.25 MB used.

Virtual space:
  Non-class space:       64.00 MB reserved,      56.81 MB ( 89%) committed,  8 nodes.
      Class space:        1.00 GB reserved,       6.56 MB ( <1%) committed,  1 nodes.
             Both:        1.06 GB reserved,      63.38 MB (  6%) committed. 

Chunk freelists:
   Non-Class:  3.21 MB
       Class:  1.35 MB
        Both:  4.57 MB

MaxMetaspaceSize: unlimited
CompressedClassSpaceSize: 1.00 GB
Initial GC threshold: 21.00 MB
Current GC threshold: 105.62 MB
CDS: on
MetaspaceReclaimPolicy: balanced
 - commit_granule_bytes: 65536.
 - commit_granule_words: 8192.
 - virtual_space_node_default_size: 1048576.
 - enlarge_chunks_in_place: 1.
 - new_chunks_are_fully_committed: 0.
 - uncommit_free_chunks: 1.
 - use_allocation_guard: 0.
 - handle_deallocations: 1.


Internal statistics:

num_allocs_failed_limit: 6.
num_arena_births: 570.
num_arena_deaths: 156.
num_vsnodes_births: 9.
num_vsnodes_deaths: 0.
num_space_committed: 1013.
num_space_uncommitted: 0.
num_chunks_returned_to_freelist: 220.
num_chunks_taken_from_freelist: 3128.
num_chunk_merges: 85.
num_chunk_splits: 1984.
num_chunks_enlarged: 1230.
num_purges: 8.
num_inconsistent_stats: 0.

CodeHeap 'non-profiled nmethods': size=120036Kb used=3003Kb max_used=3003Kb free=117032Kb
 bounds [0x00007f9502f7a000, 0x00007f950326a000, 0x00007f950a4b3000]
CodeHeap 'profiled nmethods': size=120032Kb used=17905Kb max_used=17905Kb free=102126Kb
 bounds [0x00007f94fba42000, 0x00007f94fcbc2000, 0x00007f9502f7a000]
CodeHeap 'non-nmethods': size=5692Kb used=1425Kb max_used=1428Kb free=4266Kb
 bounds [0x00007f94fb4b3000, 0x00007f94fb723000, 0x00007f94fba42000]
 total_blobs=8752 nmethods=7988 adapters=643
 compilation: enabled
              stopped_count=0, restarted_count=0
 full_count=0

JVMCI Events (20 events):
Event: 1259.806 Thread 0x00007f95140b1c40 destroyed JavaVM[9]@0x00007f949a29e340 for JVMCI runtime 0
Event: 1259.806 Thread 0x00007f95140b1c40 compacted oop handles in JVMCI runtime 0 from 47 to 47
Event: 1259.806 Thread 0x00007f95140b1c40 releasing handles for JVMCI runtime 0: oop handles=47, metadata handles={total=96, live=91, blocks=43}
Event: 1259.806 Thread 0x00007f95140b1c40 detached from JVMCI runtime 0
Event: 2044.406 Thread 0x00007f95140b1c40 attached to JVMCI runtime 0
Event: 2044.408 Thread 0x00007f95140b1c40 created JavaVM[10]@0x00007f949a29e340 for JVMCI runtime 0
Event: 2044.408 Thread 0x00007f95140b1c40 initializing JVMCI runtime 0
Event: 2044.408 Thread 0x00007f95140b1c40 done waiting for JavaVM references initialization in JVMCI runtime 0
Event: 2069.707 Thread 0x00007f95140b1c40 initialized JVMCI runtime 0
Event: 2109.298 Thread 0x00007f95140b1c40 detaching from JVMCI runtime 0: releasing idle compiler thread (0 other threads still attached)
Event: 2109.298 Thread 0x00007f95140b1c40 shutting down HotSpotJVMCIRuntime for JVMCI runtime 0
Event: 2109.298 Thread 0x00007f95140b1c40 shut down JVMCI runtime 0
Event: 2109.300 Thread 0x00007f95140b1c40 destroyed JavaVM[10]@0x00007f949a29e340 for JVMCI runtime 0
Event: 2109.300 Thread 0x00007f95140b1c40 compacted oop handles in JVMCI runtime 0 from 53 to 53
Event: 2109.300 Thread 0x00007f95140b1c40 releasing handles for JVMCI runtime 0: oop handles=53, metadata handles={total=117, live=104, blocks=43}
Event: 2109.300 Thread 0x00007f95140b1c40 detached from JVMCI runtime 0
Event: 2217.496 Thread 0x00007f95140b1c40 attached to JVMCI runtime 0
Event: 2217.499 Thread 0x00007f95140b1c40 created JavaVM[11]@0x00007f949a29e340 for JVMCI runtime 0
Event: 2219.211 Thread 0x00007f95140b1c40 initializing JVMCI runtime 0
Event: 2219.211 Thread 0x00007f95140b1c40 done waiting for JavaVM references initialization in JVMCI runtime 0

Compilation events (20 events):
Event: 1682.895 Thread 0x00007f95140b3150 nmethod 11120 0x00007f9503268010 code [0x00007f95032681a0, 0x00007f9503268270]
Event: 1790.114 Thread 0x00007f95140b3150 11121       3       java.util.concurrent.locks.ReentrantLock$NonfairSync::tryAcquire (27 bytes)
Event: 1797.014 Thread 0x00007f95140b3150 nmethod 11121 0x00007f94fcbbbe90 code [0x00007f94fcbbc040, 0x00007f94fcbbc2a0]
Event: 1859.729 Thread 0x00007f95140b3150 11122       3       java.io.ObjectOutputStream$BlockDataOutputStream::drain (45 bytes)
Event: 1861.605 Thread 0x00007f95140b3150 nmethod 11122 0x00007f94fcbbc390 code [0x00007f94fcbbc560, 0x00007f94fcbbc990]
Event: 1874.203 Thread 0x00007f95140b3150 11124       3       jdk.internal.reflect.AccessorGenerator::add (5 bytes)
Event: 1874.203 Thread 0x00007f95140b3150 nmethod 11124 0x00007f94fc944b90 code [0x00007f94fc944d20, 0x00007f94fc944e10]
Event: 1965.000 Thread 0x00007f95140b3150 11125       3       java.util.StringJoiner::add (110 bytes)
Event: 1968.421 Thread 0x00007f95140b3150 nmethod 11125 0x00007f94fcbbca90 code [0x00007f94fcbbcce0, 0x00007f94fcbbdad0]
Event: 1977.222 Thread 0x00007f95140b3150 11126       1       org.eclipse.jdt.ls.core.internal.LanguageServer::getParentProcessId (5 bytes)
Event: 1977.223 Thread 0x00007f95140b3150 nmethod 11126 0x00007f9503268310 code [0x00007f95032684a0, 0x00007f9503268570]
Event: 2044.405 Thread 0x00007f95140b3150 11127       1       java.lang.ClassValue::version (5 bytes)
Event: 2044.406 Thread 0x00007f95140b3150 nmethod 11127 0x00007f9503268610 code [0x00007f95032687a0, 0x00007f9503268870]
Event: 2044.406 Thread 0x00007f95140b1c40 11128       4       java.util.WeakHashMap::hash (28 bytes)
Event: 2107.004 Thread 0x00007f95140b1c40 nmethod 11128 0x00007f9503268910 code [0x00007f9503268a80, 0x00007f9503268b38]
Event: 2143.707 Thread 0x00007f95140b3150 11129       3       java.io.ObjectStreamField::<init> (64 bytes)
Event: 2147.601 Thread 0x00007f95140b3150 nmethod 11129 0x00007f94fcbbde90 code [0x00007f94fcbbe0a0, 0x00007f94fcbbe600]
Event: 2147.601 Thread 0x00007f95140b3150 11130       1       java.io.ObjectStreamField::setOffset (6 bytes)
Event: 2147.602 Thread 0x00007f95140b3150 nmethod 11130 0x00007f9503268c90 code [0x00007f9503268e20, 0x00007f9503268ef0]
Event: 2217.496 Thread 0x00007f95140b1c40 11131       4       java.lang.Class::getClassLoader (28 bytes)

GC Heap History (20 events):
Event: 2221.200 GC heap before
{Heap before GC invocations=1205 (full 1090):
 PSYoungGen      total 23552K, used 17919K [0x00000000f5580000, 0x00000000f7480000, 0x0000000100000000)
  eden space 17920K, 99% used [0x00000000f5580000,0x00000000f66ffff8,0x00000000f6700000)
  from space 5632K, 0% used [0x00000000f6d00000,0x00000000f6d00000,0x00000000f7280000)
  to   space 6144K, 0% used [0x00000000f6700000,0x00000000f6700000,0x00000000f6d00000)
 ParOldGen       total 349696K, used 349692K [0x00000000e0000000, 0x00000000f5580000, 0x00000000f5580000)
  object space 349696K, 99% used [0x00000000e0000000,0x00000000f557f278,0x00000000f5580000)
 Metaspace       used 63745K, committed 64896K, reserved 1114112K
  class space    used 6256K, committed 6720K, reserved 1048576K
}
Event: 2223.119 GC heap after
{Heap after GC invocations=1205 (full 1090):
 PSYoungGen      total 24064K, used 17919K [0x00000000f5580000, 0x00000000f7480000, 0x0000000100000000)
  eden space 17920K, 99% used [0x00000000f5580000,0x00000000f66ffd58,0x00000000f6700000)
  from space 6144K, 0% used [0x00000000f6700000,0x00000000f6700000,0x00000000f6d00000)
  to   space 5632K, 0% used [0x00000000f6d00000,0x00000000f6d00000,0x00000000f7280000)
 ParOldGen       total 349696K, used 349692K [0x00000000e0000000, 0x00000000f5580000, 0x00000000f5580000)
  object space 349696K, 99% used [0x00000000e0000000,0x00000000f557f278,0x00000000f5580000)
 Metaspace       used 63745K, committed 64896K, reserved 1114112K
  class space    used 6256K, committed 6720K, reserved 1048576K
}
Event: 2223.119 GC heap before
{Heap before GC invocations=1206 (full 1091):
 PSYoungGen      total 24064K, used 17919K [0x00000000f5580000, 0x00000000f7480000, 0x0000000100000000)
  eden space 17920K, 99% used [0x00000000f5580000,0x00000000f66ffff8,0x00000000f6700000)
  from space 6144K, 0% used [0x00000000f6700000,0x00000000f6700000,0x00000000f6d00000)
  to   space 5632K, 0% used [0x00000000f6d00000,0x00000000f6d00000,0x00000000f7280000)
 ParOldGen       total 349696K, used 349692K [0x00000000e0000000, 0x00000000f5580000, 0x00000000f5580000)
  object space 349696K, 99% used [0x00000000e0000000,0x00000000f557f278,0x00000000f5580000)
 Metaspace       used 63745K, committed 64896K, reserved 1114112K
  class space    used 6256K, committed 6720K, reserved 1048576K
}
Event: 2224.854 GC heap after
{Heap after GC invocations=1206 (full 1091):
 PSYoungGen      total 23552K, used 17919K [0x00000000f5580000, 0x00000000f7480000, 0x0000000100000000)
  eden space 17920K, 99% used [0x00000000f5580000,0x00000000f66fffe0,0x00000000f6700000)
  from space 5632K, 0% used [0x00000000f6d00000,0x00000000f6d00000,0x00000000f7280000)
  to   space 6144K, 0% used [0x00000000f6700000,0x00000000f6700000,0x00000000f6d00000)
 ParOldGen       total 349696K, used 349692K [0x00000000e0000000, 0x00000000f5580000, 0x00000000f5580000)
  object space 349696K, 99% used [0x00000000e0000000,0x00000000f557f278,0x00000000f5580000)
 Metaspace       used 63745K, committed 64896K, reserved 1114112K
  class space    used 6256K, committed 6720K, reserved 1048576K
}
Event: 2224.855 GC heap before
{Heap before GC invocations=1207 (full 1092):
 PSYoungGen      total 23552K, used 17919K [0x00000000f5580000, 0x00000000f7480000, 0x0000000100000000)
  eden space 17920K, 99% used [0x00000000f5580000,0x00000000f66ffff8,0x00000000f6700000)
  from space 5632K, 0% used [0x00000000f6d00000,0x00000000f6d00000,0x00000000f7280000)
  to   space 6144K, 0% used [0x00000000f6700000,0x00000000f6700000,0x00000000f6d00000)
 ParOldGen       total 349696K, used 349692K [0x00000000e0000000, 0x00000000f5580000, 0x00000000f5580000)
  object space 349696K, 99% used [0x00000000e0000000,0x00000000f557f278,0x00000000f5580000)
 Metaspace       used 63745K, committed 64896K, reserved 1114112K
  class space    used 6256K, committed 6720K, reserved 1048576K
}
Event: 2227.639 GC heap after
{Heap after GC invocations=1207 (full 1092):
 PSYoungGen      total 24064K, used 17919K [0x00000000f5580000, 0x00000000f7480000, 0x0000000100000000)
  eden space 17920K, 99% used [0x00000000f5580000,0x00000000f66ffff8,0x00000000f6700000)
  from space 6144K, 0% used [0x00000000f6700000,0x00000000f6700000,0x00000000f6d00000)
  to   space 5632K, 0% used [0x00000000f6d00000,0x00000000f6d00000,0x00000000f7280000)
 ParOldGen       total 349696K, used 349692K [0x00000000e0000000, 0x00000000f5580000, 0x00000000f5580000)
  object space 349696K, 99% used [0x00000000e0000000,0x00000000f557f278,0x00000000f5580000)
 Metaspace       used 63745K, committed 64896K, reserved 1114112K
  class space    used 6256K, committed 6720K, reserved 1048576K
}
Event: 2227.645 GC heap before
{Heap before GC invocations=1208 (full 1093):
 PSYoungGen      total 24064K, used 17919K [0x00000000f5580000, 0x00000000f7480000, 0x0000000100000000)
  eden space 17920K, 99% used [0x00000000f5580000,0x00000000f66ffff8,0x00000000f6700000)
  from space 6144K, 0% used [0x00000000f6700000,0x00000000f6700000,0x00000000f6d00000)
  to   space 5632K, 0% used [0x00000000f6d00000,0x00000000f6d00000,0x00000000f7280000)
 ParOldGen       total 349696K, used 349694K [0x00000000e0000000, 0x00000000f5580000, 0x00000000f5580000)
  object space 349696K, 99% used [0x00000000e0000000,0x00000000f557f8a8,0x00000000f5580000)
 Metaspace       used 63745K, committed 64896K, reserved 1114112K
  class space    used 6256K, committed 6720K, reserved 1048576K
}
Event: 2229.618 GC heap after
{Heap after GC invocations=1208 (full 1093):
 PSYoungGen      total 23552K, used 17919K [0x00000000f5580000, 0x00000000f7480000, 0x0000000100000000)
  eden space 17920K, 99% used [0x00000000f5580000,0x00000000f66fffc8,0x00000000f6700000)
  from space 5632K, 0% used [0x00000000f6d00000,0x00000000f6d00000,0x00000000f7280000)
  to   space 6144K, 0% used [0x00000000f6700000,0x00000000f6700000,0x00000000f6d00000)
 ParOldGen       total 349696K, used 349694K [0x00000000e0000000, 0x00000000f5580000, 0x00000000f5580000)
  object space 349696K, 99% used [0x00000000e0000000,0x00000000f557f8a8,0x00000000f5580000)
 Metaspace       used 63745K, committed 64896K, reserved 1114112K
  class space    used 6256K, committed 6720K, reserved 1048576K
}
Event: 2229.618 GC heap before
{Heap before GC invocations=1209 (full 1094):
 PSYoungGen      total 23552K, used 17919K [0x00000000f5580000, 0x00000000f7480000, 0x0000000100000000)
  eden space 17920K, 99% used [0x00000000f5580000,0x00000000f66ffff8,0x00000000f6700000)
  from space 5632K, 0% used [0x00000000f6d00000,0x00000000f6d00000,0x00000000f7280000)
  to   space 6144K, 0% used [0x00000000f6700000,0x00000000f6700000,0x00000000f6d00000)
 ParOldGen       total 349696K, used 349694K [0x00000000e0000000, 0x00000000f5580000, 0x00000000f5580000)
  object space 349696K, 99% used [0x00000000e0000000,0x00000000f557f8a8,0x00000000f5580000)
 Metaspace       used 63745K, committed 64896K, reserved 1114112K
  class space    used 6256K, committed 6720K, reserved 1048576K
}
Event: 2231.200 GC heap after
{Heap after GC invocations=1209 (full 1094):
 PSYoungGen      total 24064K, used 17919K [0x00000000f5580000, 0x00000000f7480000, 0x0000000100000000)
  eden space 17920K, 99% used [0x00000000f5580000,0x00000000f66ffff8,0x00000000f6700000)
  from space 6144K, 0% used [0x00000000f6700000,0x00000000f6700000,0x00000000f6d00000)
  to   space 5632K, 0% used [0x00000000f6d00000,0x00000000f6d00000,0x00000000f7280000)
 ParOldGen       total 349696K, used 349694K [0x00000000e0000000, 0x00000000f5580000, 0x00000000f5580000)
  object space 349696K, 99% used [0x00000000e0000000,0x00000000f557f8a8,0x00000000f5580000)
 Metaspace       used 63745K, committed 64896K, reserved 1114112K
  class space    used 6256K, committed 6720K, reserved 1048576K
}
Event: 2231.201 GC heap before
{Heap before GC invocations=1210 (full 1095):
 PSYoungGen      total 24064K, used 17919K [0x00000000f5580000, 0x00000000f7480000, 0x0000000100000000)
  eden space 17920K, 99% used [0x00000000f5580000,0x00000000f66ffff8,0x00000000f6700000)
  from space 6144K, 0% used [0x00000000f6700000,0x00000000f6700000,0x00000000f6d00000)
  to   space 5632K, 0% used [0x00000000f6d00000,0x00000000f6d00000,0x00000000f7280000)
 ParOldGen       total 349696K, used 349695K [0x00000000e0000000, 0x00000000f5580000, 0x00000000f5580000)
  object space 349696K, 99% used [0x00000000e0000000,0x00000000f557fdf8,0x00000000f5580000)
 Metaspace       used 63747K, committed 64896K, reserved 1114112K
  class space    used 6256K, committed 6720K, reserved 1048576K
}
Event: 2233.219 GC heap after
{Heap after GC invocations=1210 (full 1095):
 PSYoungGen      total 23552K, used 17919K [0x00000000f5580000, 0x00000000f7480000, 0x0000000100000000)
  eden space 17920K, 99% used [0x00000000f5580000,0x00000000f66ffff8,0x00000000f6700000)
  from space 5632K, 0% used [0x00000000f6d00000,0x00000000f6d00000,0x00000000f7280000)
  to   space 6144K, 0% used [0x00000000f6700000,0x00000000f6700000,0x00000000f6d00000)
 ParOldGen       total 349696K, used 349694K [0x00000000e0000000, 0x00000000f5580000, 0x00000000f5580000)
  object space 349696K, 99% used [0x00000000e0000000,0x00000000f557f998,0x00000000f5580000)
 Metaspace       used 63747K, committed 64896K, reserved 1114112K
  class space    used 6256K, committed 6720K, reserved 1048576K
}
Event: 2233.219 GC heap before
{Heap before GC invocations=1211 (full 1096):
 PSYoungGen      total 23552K, used 17919K [0x00000000f5580000, 0x00000000f7480000, 0x0000000100000000)
  eden space 17920K, 99% used [0x00000000f5580000,0x00000000f66ffff8,0x00000000f6700000)
  from space 5632K, 0% used [0x00000000f6d00000,0x00000000f6d00000,0x00000000f7280000)
  to   space 6144K, 0% used [0x00000000f6700000,0x00000000f6700000,0x00000000f6d00000)
 ParOldGen       total 349696K, used 349694K [0x00000000e0000000, 0x00000000f5580000, 0x00000000f5580000)
  object space 349696K, 99% used [0x00000000e0000000,0x00000000f557f9d0,0x00000000f5580000)
 Metaspace       used 63747K, committed 64896K, reserved 1114112K
  class space    used 6256K, committed 6720K, reserved 1048576K
}
Event: 2235.103 GC heap after
{Heap after GC invocations=1211 (full 1096):
 PSYoungGen      total 24064K, used 17919K [0x00000000f5580000, 0x00000000f7480000, 0x0000000100000000)
  eden space 17920K, 99% used [0x00000000f5580000,0x00000000f66ffff8,0x00000000f6700000)
  from space 6144K, 0% used [0x00000000f6700000,0x00000000f6700000,0x00000000f6d00000)
  to   space 5632K, 0% used [0x00000000f6d00000,0x00000000f6d00000,0x00000000f7280000)
 ParOldGen       total 349696K, used 349694K [0x00000000e0000000, 0x00000000f5580000, 0x00000000f5580000)
  object space 349696K, 99% used [0x00000000e0000000,0x00000000f557f9b0,0x00000000f5580000)
 Metaspace       used 63747K, committed 64896K, reserved 1114112K
  class space    used 6256K, committed 6720K, reserved 1048576K
}
Event: 2235.103 GC heap before
{Heap before GC invocations=1212 (full 1097):
 PSYoungGen      total 24064K, used 17919K [0x00000000f5580000, 0x00000000f7480000, 0x0000000100000000)
  eden space 17920K, 99% used [0x00000000f5580000,0x00000000f66ffff8,0x00000000f6700000)
  from space 6144K, 0% used [0x00000000f6700000,0x00000000f6700000,0x00000000f6d00000)
  to   space 5632K, 0% used [0x00000000f6d00000,0x00000000f6d00000,0x00000000f7280000)
 ParOldGen       total 349696K, used 349694K [0x00000000e0000000, 0x00000000f5580000, 0x00000000f5580000)
  object space 349696K, 99% used [0x00000000e0000000,0x00000000f557f9b0,0x00000000f5580000)
 Metaspace       used 63747K, committed 64896K, reserved 1114112K
  class space    used 6256K, committed 6720K, reserved 1048576K
}
Event: 2236.831 GC heap after
{Heap after GC invocations=1212 (full 1097):
 PSYoungGen      total 23552K, used 17919K [0x00000000f5580000, 0x00000000f7480000, 0x0000000100000000)
  eden space 17920K, 99% used [0x00000000f5580000,0x00000000f66fffb8,0x00000000f6700000)
  from space 5632K, 0% used [0x00000000f6d00000,0x00000000f6d00000,0x00000000f7280000)
  to   space 6144K, 0% used [0x00000000f6700000,0x00000000f6700000,0x00000000f6d00000)
 ParOldGen       total 349696K, used 349694K [0x00000000e0000000, 0x00000000f5580000, 0x00000000f5580000)
  object space 349696K, 99% used [0x00000000e0000000,0x00000000f557f998,0x00000000f5580000)
 Metaspace       used 63747K, committed 64896K, reserved 1114112K
  class space    used 6256K, committed 6720K, reserved 1048576K
}
Event: 2236.834 GC heap before
{Heap before GC invocations=1213 (full 1098):
 PSYoungGen      total 23552K, used 17919K [0x00000000f5580000, 0x00000000f7480000, 0x0000000100000000)
  eden space 17920K, 99% used [0x00000000f5580000,0x00000000f66fffb8,0x00000000f6700000)
  from space 5632K, 0% used [0x00000000f6d00000,0x00000000f6d00000,0x00000000f7280000)
  to   space 6144K, 0% used [0x00000000f6700000,0x00000000f6700000,0x00000000f6d00000)
 ParOldGen       total 349696K, used 349694K [0x00000000e0000000, 0x00000000f5580000, 0x00000000f5580000)
  object space 349696K, 99% used [0x00000000e0000000,0x00000000f557f998,0x00000000f5580000)
 Metaspace       used 63747K, committed 64896K, reserved 1114112K
  class space    used 6256K, committed 6720K, reserved 1048576K
}
Event: 2238.808 GC heap after
{Heap after GC invocations=1213 (full 1098):
 PSYoungGen      total 24064K, used 17919K [0x00000000f5580000, 0x00000000f7480000, 0x0000000100000000)
  eden space 17920K, 99% used [0x00000000f5580000,0x00000000f66fffb8,0x00000000f6700000)
  from space 6144K, 0% used [0x00000000f6700000,0x00000000f6700000,0x00000000f6d00000)
  to   space 5632K, 0% used [0x00000000f6d00000,0x00000000f6d00000,0x00000000f7280000)
 ParOldGen       total 349696K, used 349694K [0x00000000e0000000, 0x00000000f5580000, 0x00000000f5580000)
  object space 349696K, 99% used [0x00000000e0000000,0x00000000f557f998,0x00000000f5580000)
 Metaspace       used 63747K, committed 64896K, reserved 1114112K
  class space    used 6256K, committed 6720K, reserved 1048576K
}
Event: 2238.808 GC heap before
{Heap before GC invocations=1214 (full 1099):
 PSYoungGen      total 24064K, used 17919K [0x00000000f5580000, 0x00000000f7480000, 0x0000000100000000)
  eden space 17920K, 99% used [0x00000000f5580000,0x00000000f66fffb8,0x00000000f6700000)
  from space 6144K, 0% used [0x00000000f6700000,0x00000000f6700000,0x00000000f6d00000)
  to   space 5632K, 0% used [0x00000000f6d00000,0x00000000f6d00000,0x00000000f7280000)
 ParOldGen       total 349696K, used 349694K [0x00000000e0000000, 0x00000000f5580000, 0x00000000f5580000)
  object space 349696K, 99% used [0x00000000e0000000,0x00000000f557f998,0x00000000f5580000)
 Metaspace       used 63747K, committed 64896K, reserved 1114112K
  class space    used 6256K, committed 6720K, reserved 1048576K
}
Event: 2240.398 GC heap after
{Heap after GC invocations=1214 (full 1099):
 PSYoungGen      total 23552K, used 17919K [0x00000000f5580000, 0x00000000f7480000, 0x0000000100000000)
  eden space 17920K, 99% used [0x00000000f5580000,0x00000000f66fffb8,0x00000000f6700000)
  from space 5632K, 0% used [0x00000000f6d00000,0x00000000f6d00000,0x00000000f7280000)
  to   space 6144K, 0% used [0x00000000f6700000,0x00000000f6700000,0x00000000f6d00000)
 ParOldGen       total 349696K, used 349694K [0x00000000e0000000, 0x00000000f5580000, 0x00000000f5580000)
  object space 349696K, 99% used [0x00000000e0000000,0x00000000f557f998,0x00000000f5580000)
 Metaspace       used 63747K, committed 64896K, reserved 1114112K
  class space    used 6256K, committed 6720K, reserved 1048576K
}

Dll operation events (9 events):
Event: 0.005 Loaded shared library /nix/store/gpxl5qgg8kicmcvivwmybwjlpf7wh20l-graalvm17-ce-22.3.0/lib/libjava.so
Event: 0.030 Loaded shared library /nix/store/gpxl5qgg8kicmcvivwmybwjlpf7wh20l-graalvm17-ce-22.3.0/lib/libjsvml.so
Event: 0.540 Loaded shared library /nix/store/gpxl5qgg8kicmcvivwmybwjlpf7wh20l-graalvm17-ce-22.3.0/lib/libnio.so
Event: 0.592 Loaded shared library /nix/store/gpxl5qgg8kicmcvivwmybwjlpf7wh20l-graalvm17-ce-22.3.0/lib/libzip.so
Event: 0.598 Loaded shared library /nix/store/gpxl5qgg8kicmcvivwmybwjlpf7wh20l-graalvm17-ce-22.3.0/lib/libjvmcicompiler.so
Event: 1.349 Loaded shared library /nix/store/gpxl5qgg8kicmcvivwmybwjlpf7wh20l-graalvm17-ce-22.3.0/lib/libjimage.so
Event: 2.187 Loaded shared library /nix/store/gpxl5qgg8kicmcvivwmybwjlpf7wh20l-graalvm17-ce-22.3.0/lib/libnet.so
Event: 8.143 Loaded shared library /home/runner/.cache/jdt-language-server/config/org.eclipse.equinox.launcher/org.eclipse.equinox.launcher.gtk.linux.x86_64_1.2.400.v20211117-0650/eclipse_11600.so
Event: 27.796 Loaded shared library /nix/store/gpxl5qgg8kicmcvivwmybwjlpf7wh20l-graalvm17-ce-22.3.0/lib/libextnet.so

Deoptimization events (20 events):
Event: 215.618 Thread 0x00007f94a8107c70 DEOPT PACKING pc=0x00007f94fcb79fae sp=0x00007f94c01fce60
Event: 215.618 Thread 0x00007f94a8107c70 DEOPT UNPACKING pc=0x00007f94fb505325 sp=0x00007f94c01fc3d8 mode 0
Event: 230.315 Thread 0x00007f94a8107c70 Uncommon trap: trap_request=0xffffff8f fr.pc=0x00007f95031c6eb9 relative=0x0000000000000639
Event: 230.315 Thread 0x00007f94a8107c70 Uncommon trap: reason=constraint action=none pc=0x00007f95031c6eb9 method=org.eclipse.jdt.internal.compiler.util.HashtableOfObject.<init>(I)V @ 65 jvmci
Event: 230.315 Thread 0x00007f94a8107c70 DEOPT PACKING pc=0x00007f95031c6eb9 sp=0x00007f94c01fce60
Event: 230.315 Thread 0x00007f94a8107c70 DEOPT UNPACKING pc=0x00007f94fb505325 sp=0x00007f94c01fc278 mode 3
Event: 236.237 Thread 0x00007f94a813be60 DEOPT PACKING pc=0x00007f94fcb89461 sp=0x00007f94c24fcdd0
Event: 236.237 Thread 0x00007f94a813be60 DEOPT UNPACKING pc=0x00007f94fb505325 sp=0x00007f94c24fc290 mode 0
Event: 236.238 Thread 0x00007f94a813be60 DEOPT PACKING pc=0x00007f94fcb6716f sp=0x00007f94c24fcea0
Event: 236.244 Thread 0x00007f94a813be60 DEOPT UNPACKING pc=0x00007f94fb505325 sp=0x00007f94c24fc3f0 mode 0
Event: 238.248 Thread 0x00007f94a813be60 DEOPT PACKING pc=0x00007f94fcb89461 sp=0x00007f94c24fcea0
Event: 238.248 Thread 0x00007f94a813be60 DEOPT UNPACKING pc=0x00007f94fb505325 sp=0x00007f94c24fc360 mode 0
Event: 238.249 Thread 0x00007f94a813be60 DEOPT PACKING pc=0x00007f94fcb89461 sp=0x00007f94c24fcea0
Event: 238.249 Thread 0x00007f94a813be60 DEOPT UNPACKING pc=0x00007f94fb505325 sp=0x00007f94c24fc360 mode 0
Event: 238.293 Thread 0x00007f94a813be60 DEOPT PACKING pc=0x00007f94fcb89461 sp=0x00007f94c24fcea0
Event: 238.293 Thread 0x00007f94a813be60 DEOPT UNPACKING pc=0x00007f94fb505325 sp=0x00007f94c24fc360 mode 0
Event: 2236.831 Thread 0x00007f95140b1c40 Uncommon trap: trap_request=0xffffff8f fr.pc=0x00007f950303c11b relative=0x000000000000017b
Event: 2236.831 Thread 0x00007f95140b1c40 Uncommon trap: reason=constraint action=none pc=0x00007f950303c11b method=java.io.ByteArrayOutputStream.<init>(I)V @ 0 jvmci
Event: 2236.831 Thread 0x00007f95140b1c40 DEOPT PACKING pc=0x00007f950303c11b sp=0x00007f94fb0cb020
Event: 2236.831 Thread 0x00007f95140b1c40 DEOPT UNPACKING pc=0x00007f94fb505325 sp=0x00007f94fb0ca4c8 mode 3

Classes unloaded (20 events):
Event: 142.518 Thread 0x00007f95140a1640 Unloading class 0x0000000800d98800 'java/lang/invoke/LambdaForm$MH+0x0000000800d98800'
Event: 142.518 Thread 0x00007f95140a1640 Unloading class 0x0000000800d98400 'java/lang/invoke/LambdaForm$MH+0x0000000800d98400'
Event: 142.518 Thread 0x00007f95140a1640 Unloading class 0x0000000800d98000 'jdk/internal/reflect/GeneratedConstructorAccessor3'
Event: 142.518 Thread 0x00007f95140a1640 Unloading class 0x0000000800d06800 'java/lang/invoke/LambdaForm$MH+0x0000000800d06800'
Event: 142.518 Thread 0x00007f95140a1640 Unloading class 0x0000000800d06000 'java/lang/invoke/LambdaForm$MH+0x0000000800d06000'
Event: 142.518 Thread 0x00007f95140a1640 Unloading class 0x0000000800d05c00 'java/lang/invoke/LambdaForm$MH+0x0000000800d05c00'
Event: 142.518 Thread 0x00007f95140a1640 Unloading class 0x0000000800d05800 'java/lang/invoke/LambdaForm$MH+0x0000000800d05800'
Event: 142.518 Thread 0x00007f95140a1640 Unloading class 0x0000000800d05000 'java/lang/invoke/LambdaForm$MH+0x0000000800d05000'
Event: 142.518 Thread 0x00007f95140a1640 Unloading class 0x0000000800d04c00 'java/lang/invoke/LambdaForm$MH+0x0000000800d04c00'
Event: 142.518 Thread 0x00007f95140a1640 Unloading class 0x0000000800d04800 'java/lang/invoke/LambdaForm$MH+0x0000000800d04800'
Event: 142.518 Thread 0x00007f95140a1640 Unloading class 0x0000000800d04000 'java/lang/invoke/LambdaForm$MH+0x0000000800d04000'
Event: 142.518 Thread 0x00007f95140a1640 Unloading class 0x0000000800c1d000 'jdk/internal/reflect/GeneratedMethodAccessor5'
Event: 142.518 Thread 0x00007f95140a1640 Unloading class 0x0000000800c1cc00 'jdk/internal/reflect/GeneratedMethodAccessor4'
Event: 142.518 Thread 0x00007f95140a1640 Unloading class 0x0000000800c1c800 'jdk/internal/reflect/GeneratedMethodAccessor3'
Event: 142.518 Thread 0x00007f95140a1640 Unloading class 0x0000000800c1c400 'jdk/internal/reflect/GeneratedMethodAccessor2'
Event: 142.518 Thread 0x00007f95140a1640 Unloading class 0x0000000800c1c000 'jdk/internal/reflect/GeneratedMethodAccessor1'
Event: 142.518 Thread 0x00007f95140a1640 Unloading class 0x0000000800c01c00 'java/lang/invoke/LambdaForm$DMH+0x0000000800c01c00'
Event: 1322.234 Thread 0x00007f95140a1640 Unloading class 0x0000000801105c00 'jdk/internal/reflect/GeneratedSerializationConstructorAccessor38'
Event: 1899.910 Thread 0x00007f95140a1640 Unloading class 0x0000000800d05000 'jdk/internal/reflect/GeneratedSerializationConstructorAccessor46'
Event: 2123.895 Thread 0x00007f95140a1640 Unloading class 0x0000000800d05000 'jdk/internal/reflect/GeneratedSerializationConstructorAccessor51'

Classes redefined (0 events):
No events

Internal exceptions (20 events):
Event: 84.235 Thread 0x00007f94a810adf0 Exception <a 'java/lang/NoSuchMethodError'{0x00000000f558bbd8}: 'java.lang.Object java.lang.invoke.DirectMethodHandle$Holder.newInvokeSpecial(java.lang.Object, java.lang.Object, int, java.lang.Object, java.lang.Object, java.lang.Object, java.lang.Object)'> (0x00000000f558bbd8) 
thrown [src/hotspot/share/interpreter/linkResolver.cpp, line 758]
Event: 84.531 Thread 0x00007f94a810adf0 Exception <a 'java/lang/NoSuchMethodError'{0x00000000f5b315f0}: 'void java.lang.invoke.DirectMethodHandle$Holder.invokeSpecial(java.lang.Object, java.lang.Object, int)'> (0x00000000f5b315f0) 
thrown [src/hotspot/share/interpreter/linkResolver.cpp, line 758]
Event: 86.051 Thread 0x00007f94a813b400 Exception <a 'java/lang/NoSuchMethodError'{0x00000000f5b72cf0}: 'int java.lang.invoke.DirectMethodHandle$Holder.invokeSpecialIFC(java.lang.Object, java.lang.Object, java.lang.Object, java.lang.Object)'> (0x00000000f5b72cf0) 
thrown [src/hotspot/share/interpreter/linkResolver.cpp, line 758]
Event: 154.779 Thread 0x00007f94b0486830 Exception <a 'java/lang/OutOfMemoryError'{0x00000000e0012f50}> (0x00000000e0012f50) 
thrown [src/hotspot/share/gc/shared/memAllocator.cpp, line 138]
Event: 154.779 Thread 0x00007f94b0486830 Implicit null exception at 0x00007f95031c6cd5 to 0x00007f95031c6eba
Event: 158.923 Thread 0x00007f94b0486830 Exception <a 'java/lang/OutOfMemoryError'{0x00000000e0012410}> (0x00000000e0012410) 
thrown [src/hotspot/share/gc/shared/memAllocator.cpp, line 136]
Event: 186.708 Thread 0x00007f94a810dcc0 Exception <a 'java/lang/OutOfMemoryError'{0x00000000e0012410}> (0x00000000e0012410) 
thrown [src/hotspot/share/gc/shared/memAllocator.cpp, line 138]
Event: 186.708 Thread 0x00007f94a810dcc0 Implicit null exception at 0x00007f95031c6cd5 to 0x00007f95031c6eba
Event: 190.692 Thread 0x00007f94a810dcc0 Exception <a 'java/lang/OutOfMemoryError'{0x00000000e0012730}> (0x00000000e0012730) 
thrown [src/hotspot/share/gc/shared/memAllocator.cpp, line 136]
Event: 190.693 Thread 0x00007f94a810dcc0 Exception <a 'java/lang/NoSuchMethodError'{0x00000000f66e5b10}: 'void java.lang.invoke.DirectMethodHandle$Holder.invokeVirtual(java.lang.Object, java.lang.Object)'> (0x00000000f66e5b10) 
thrown [src/hotspot/share/interpreter/linkResolver.cpp, line 758]
Event: 192.620 Thread 0x00007f94a810dcc0 Exception <a 'java/lang/ClassNotFoundException'{0x00000000f57b3948}: sun/util/logging/resources/spi/loggingProvider> (0x00000000f57b3948) 
thrown [src/hotspot/share/classfile/systemDictionary.cpp, line 256]
Event: 209.810 Thread 0x00007f94a8109570 Exception <a 'java/lang/OutOfMemoryError'{0x00000000e0012410}> (0x00000000e0012410) 
thrown [src/hotspot/share/gc/shared/memAllocator.cpp, line 138]
Event: 209.810 Thread 0x00007f94a8109570 Implicit null exception at 0x00007f95031c6cd5 to 0x00007f95031c6eba
Event: 213.521 Thread 0x00007f94a8109570 Exception <a 'java/lang/OutOfMemoryError'{0x00000000e0012730}> (0x00000000e0012730) 
thrown [src/hotspot/share/gc/shared/memAllocator.cpp, line 136]
Event: 230.315 Thread 0x00007f94a8107c70 Exception <a 'java/lang/OutOfMemoryError'{0x00000000e0012410}> (0x00000000e0012410) 
thrown [src/hotspot/share/gc/shared/memAllocator.cpp, line 138]
Event: 230.315 Thread 0x00007f94a8107c70 Implicit null exception at 0x00007f95031c6cb2 to 0x00007f95031c6e9e
Event: 236.235 Thread 0x00007f94a8107c70 Exception <a 'java/lang/OutOfMemoryError'{0x00000000e0012730}> (0x00000000e0012730) 
thrown [src/hotspot/share/gc/shared/memAllocator.cpp, line 136]
Event: 2236.831 Thread 0x00007f95140b1c40 Exception <a 'java/lang/OutOfMemoryError'{0x00000000e0012410}> (0x00000000e0012410) 
thrown [src/hotspot/share/gc/shared/memAllocator.cpp, line 138]
Event: 2236.831 Thread 0x00007f95140b1c40 Implicit null exception at 0x00007f950303c0d1 to 0x00007f950303c100
Event: 2240.399 Thread 0x00007f95140b1c40 Exception <a 'java/lang/OutOfMemoryError'{0x00000000e0012730}> (0x00000000e0012730) 
thrown [src/hotspot/share/gc/shared/memAllocator.cpp, line 136]

VM Operations (20 events):
Event: 2217.496 Executing VM operation: ParallelGCFailedAllocation
Event: 2219.211 Executing VM operation: ParallelGCFailedAllocation done
Event: 2219.211 Executing VM operation: ParallelGCFailedAllocation
Event: 2221.191 Executing VM operation: ParallelGCFailedAllocation done
Event: 2221.196 Executing VM operation: ParallelGCFailedAllocation
Event: 2223.119 Executing VM operation: ParallelGCFailedAllocation done
Event: 2223.119 Executing VM operation: ParallelGCFailedAllocation
Event: 2224.854 Executing VM operation: ParallelGCFailedAllocation done
Event: 2224.855 Executing VM operation: ParallelGCFailedAllocation
Event: 2227.639 Executing VM operation: ParallelGCFailedAllocation done
Event: 2227.643 Executing VM operation: ParallelGCFailedAllocation
Event: 2229.618 Executing VM operation: ParallelGCFailedAllocation done
Event: 2229.618 Executing VM operation: ParallelGCFailedAllocation
Event: 2231.200 Executing VM operation: ParallelGCFailedAllocation done
Event: 2231.200 Executing VM operation: ParallelGCFailedAllocation
Event: 2233.219 Executing VM operation: ParallelGCFailedAllocation done
Event: 2233.219 Executing VM operation: ParallelGCFailedAllocation
Event: 2236.831 Executing VM operation: ParallelGCFailedAllocation done
Event: 2236.833 Executing VM operation: ParallelGCFailedAllocation
Event: 2240.398 Executing VM operation: ParallelGCFailedAllocation done

Events (20 events):
Event: 393.725 loading class java/io/InterruptedIOException done
Event: 395.791 loading class javax/net/ssl/SSLException
Event: 399.615 loading class javax/net/ssl/SSLException done
Event: 401.518 loading class java/lang/AssertionError
Event: 403.211 loading class java/lang/AssertionError done
Event: 412.194 loading class java/lang/UnsupportedOperationException
Event: 412.194 loading class java/lang/UnsupportedOperationException done
Event: 412.194 loading class javax/crypto/AEADBadTagException
Event: 412.194 loading class javax/crypto/AEADBadTagException done
Event: 412.194 loading class javax/net/ssl/SSLHandshakeException
Event: 412.194 loading class javax/net/ssl/SSLHandshakeException done
Event: 443.510 Thread 0x00007f94d40827c0 Thread exited: 0x00007f94d40827c0
Event: 443.510 Thread 0x00007f94b0bdab10 Thread exited: 0x00007f94b0bdab10
Event: 445.494 Thread 0x00007f94c80047c0 Thread exited: 0x00007f94c80047c0
Event: 447.698 Thread 0x00007f94b0c2ef90 Thread exited: 0x00007f94b0c2ef90
Event: 472.330 Thread 0x00007f94b0c2f9a0 Thread exited: 0x00007f94b0c2f9a0
Event: 478.334 Thread 0x00007f94b0bdb2d0 Thread exited: 0x00007f94b0bdb2d0
Event: 763.519 Thread 0x00007f949c060ac0 Thread added: 0x00007f949c060ac0
Event: 763.519 Protecting memory [0x00007f94c1100000,0x00007f94c1104000] with protection modes 0
Event: 780.498 Thread 0x00007f949c060ac0 Thread exited: 0x00007f949c060ac0


Dynamic libraries:
e0000000-f4580000 rw-p 00000000 00:00 0 
f4580000-f7480000 rw-p 00000000 00:00 0 
f7480000-100000000 ---p 00000000 00:00 0 
800000000-800449000 rw-p 00001000 00:83f 707969865                       /nix/store/gpxl5qgg8kicmcvivwmybwjlpf7wh20l-graalvm17-ce-22.3.0/lib/server/classes.jsa
800449000-800bc8000 r--p 0044a000 00:83f 707969865                       /nix/store/gpxl5qgg8kicmcvivwmybwjlpf7wh20l-graalvm17-ce-22.3.0/lib/server/classes.jsa
800bc8000-800c00000 ---p 00000000 00:00 0 
800c00000-800c10000 rw-p 00000000 00:00 0 
800c10000-800c30000 rw-p 00000000 00:00 0 
800c30000-800cb0000 rw-p 00000000 00:00 0 
800cb0000-800cf0000 rw-p 00000000 00:00 0 
800cf0000-800db0000 rw-p 00000000 00:00 0 
800db0000-800df0000 rw-p 00000000 00:00 0 
800df0000-800f30000 rw-p 00000000 00:00 0 
800f30000-800fb0000 rw-p 00000000 00:00 0 
800fb0000-800ff0000 rw-p 00000000 00:00 0 
800ff0000-8011b0000 rw-p 00000000 00:00 0 
8011b0000-8011d0000 rw-p 00000000 00:00 0 
8011d0000-801200000 ---p 00000000 00:00 0 
801200000-8012c0000 rw-p 00000000 00:00 0 
8012c0000-840c00000 ---p 00000000 00:00 0 
55a94be80000-55a94be81000 r-xp 00000000 00:83f 672029940                 /nix/store/gpxl5qgg8kicmcvivwmybwjlpf7wh20l-graalvm17-ce-22.3.0/bin/.java-wrapped
55a94be82000-55a94be83000 r--p 00001000 00:83f 672029940                 /nix/store/gpxl5qgg8kicmcvivwmybwjlpf7wh20l-graalvm17-ce-22.3.0/bin/.java-wrapped
55a94be83000-55a94be84000 rw-p 00002000 00:83f 672029940                 /nix/store/gpxl5qgg8kicmcvivwmybwjlpf7wh20l-graalvm17-ce-22.3.0/bin/.java-wrapped
55a94be84000-55a94be85000 rw-p 00004000 00:83f 672029940                 /nix/store/gpxl5qgg8kicmcvivwmybwjlpf7wh20l-graalvm17-ce-22.3.0/bin/.java-wrapped
55a94be85000-55a94be86000 rw-p 00005000 00:83f 672029940                 /nix/store/gpxl5qgg8kicmcvivwmybwjlpf7wh20l-graalvm17-ce-22.3.0/bin/.java-wrapped
55a94d703000-55a94d8c6000 rw-p 00000000 00:00 0                          [heap]
7f948a4b3000-7f9494000000 r--s 00000000 00:83f 707804677                 /nix/store/gpxl5qgg8kicmcvivwmybwjlpf7wh20l-graalvm17-ce-22.3.0/lib/modules
7f9494000000-7f949442a000 rw-p 00000000 00:00 0 
7f949442a000-7f9498000000 ---p 00000000 00:00 0 
7f9499600000-7f9499700000 ---p 00000000 00:00 0 
7f9499700000-7f9499caf000 r--p 01122000 00:83f 707802136                 /nix/store/gpxl5qgg8kicmcvivwmybwjlpf7wh20l-graalvm17-ce-22.3.0/lib/libjvmcicompiler.so
7f9499caf000-7f9499e00000 r--p 00000000 00:00 0 
7f9499e00000-7f9499e3d000 rw-p 00000000 00:00 0 
7f9499e3d000-7f949a35d000 rw-p 0185f000 00:83f 707802136                 /nix/store/gpxl5qgg8kicmcvivwmybwjlpf7wh20l-graalvm17-ce-22.3.0/lib/libjvmcicompiler.so
7f949a35d000-7f949a744000 r--p 01d7f000 00:83f 707802136                 /nix/store/gpxl5qgg8kicmcvivwmybwjlpf7wh20l-graalvm17-ce-22.3.0/lib/libjvmcicompiler.so
7f949a800000-7f949a8f0000 rw-p 00000000 00:00 0 
7f949a8f0000-7f949b000000 ---p 00000000 00:00 0 
7f949b400000-7f949bbf0000 rw-p 00000000 00:00 0 
7f949bbf0000-7f949bc00000 rw-p 00000000 00:00 0 
7f949c000000-7f949c13e000 rw-p 00000000 00:00 0 
7f949c13e000-7f94a0000000 ---p 00000000 00:00 0 
7f94a0000000-7f94a0021000 rw-p 00000000 00:00 0 
7f94a0021000-7f94a4000000 ---p 00000000 00:00 0 
7f94a4000000-7f94a4064000 rw-p 00000000 00:00 0 
7f94a4064000-7f94a8000000 ---p 00000000 00:00 0 
7f94a8000000-7f94a81b0000 rw-p 00000000 00:00 0 
7f94a81b0000-7f94ac000000 ---p 00000000 00:00 0 
7f94ac000000-7f94ac036000 rw-p 00000000 00:00 0 
7f94ac036000-7f94b0000000 ---p 00000000 00:00 0 
7f94b0000000-7f94b0d6e000 rw-p 00000000 00:00 0 
7f94b0d6e000-7f94b4000000 ---p 00000000 00:00 0 
7f94b4000000-7f94b4023000 rw-p 00000000 00:00 0 
7f94b4023000-7f94b8000000 ---p 00000000 00:00 0 
7f94b8000000-7f94b8021000 rw-p 00000000 00:00 0 
7f94b8021000-7f94bc000000 ---p 00000000 00:00 0 
7f94bc000000-7f94bc2f0000 rw-p 00000000 00:00 0 
7f94bc2f0000-7f94bc3e0000 rw-p 00000000 00:00 0 
7f94bc3e0000-7f94bc400000 ---p 00000000 00:00 0 
7f94bc400000-7f94bc7f0000 rw-p 00000000 00:00 0 
7f94bc7f0000-7f94bcd70000 rw-p 00000000 00:00 0 
7f94bcd70000-7f94bcdf0000 rw-p 00000000 00:00 0 
7f94bcdf0000-7f94bcff0000 rw-p 00000000 00:00 0 
7f94bcff0000-7f94bd0d0000 rw-p 00000000 00:00 0 
7f94bd0d0000-7f94bd0f0000 rw-p 00000000 00:00 0 
7f94bd0f0000-7f94bd2f0000 rw-p 00000000 00:00 0 
7f94bd2f0000-7f94bd3d0000 rw-p 00000000 00:00 0 
7f94bd3d0000-7f94bd4f0000 rw-p 00000000 00:00 0 
7f94bd4f0000-7f94bd5f0000 rw-p 00000000 00:00 0 
7f94bd5f0000-7f94bd6f0000 rw-p 00000000 00:00 0 
7f94bd6f0000-7f94bd7f0000 rw-p 00000000 00:00 0 
7f94bd7f0000-7f94bd8f0000 rw-p 00000000 00:00 0 
7f94bd8f0000-7f94bd9f0000 rw-p 00000000 00:00 0 
7f94bd9f0000-7f94bdfb0000 rw-p 00000000 00:00 0 
7f94bdfb0000-7f94bdff0000 rw-p 00000000 00:00 0 
7f94bdff0000-7f94be0f0000 rw-p 00000000 00:00 0 
7f94be0f0000-7f94be1f0000 rw-p 00000000 00:00 0 
7f94be1f0000-7f94be4f0000 rw-p 00000000 00:00 0 
7f94be4f0000-7f94be5f0000 rw-p 00000000 00:00 0 
7f94be5f0000-7f94be800000 rw-p 00000000 00:00 0 
7f94bf800000-7f94bf810000 r-xp 00000000 00:827 390                       /home/runner/.cache/jdt-language-server/config/org.eclipse.equinox.launcher/org.eclipse.equinox.launcher.gtk.linux.x86_64_1.2.400.v20211117-0650/eclipse_11600.so
7f94bf810000-7f94bfa0f000 ---p 00010000 00:827 390                       /home/runner/.cache/jdt-language-server/config/org.eclipse.equinox.launcher/org.eclipse.equinox.launcher.gtk.linux.x86_64_1.2.400.v20211117-0650/eclipse_11600.so
7f94bfa0f000-7f94bfa10000 r--p 0000f000 00:827 390                       /home/runner/.cache/jdt-language-server/config/org.eclipse.equinox.launcher/org.eclipse.equinox.launcher.gtk.linux.x86_64_1.2.400.v20211117-0650/eclipse_11600.so
7f94bfa10000-7f94bfa11000 rw-p 00010000 00:827 390                       /home/runner/.cache/jdt-language-server/config/org.eclipse.equinox.launcher/org.eclipse.equinox.launcher.gtk.linux.x86_64_1.2.400.v20211117-0650/eclipse_11600.so
7f94bfb00000-7f94bfb04000 ---p 00000000 00:00 0 
7f94bfb04000-7f94bfc00000 rw-p 00000000 00:00 0 
7f94bfd00000-7f94bfd04000 ---p 00000000 00:00 0 
7f94bfd04000-7f94bfe00000 rw-p 00000000 00:00 0 
7f94bff00000-7f94bff04000 ---p 00000000 00:00 0 
7f94bff04000-7f94c0000000 rw-p 00000000 00:00 0 
7f94c0100000-7f94c0104000 ---p 00000000 00:00 0 
7f94c0104000-7f94c0200000 rw-p 00000000 00:00 0 
7f94c0300000-7f94c0304000 ---p 00000000 00:00 0 
7f94c0304000-7f94c0400000 rw-p 00000000 00:00 0 
7f94c0500000-7f94c0504000 ---p 00000000 00:00 0 
7f94c0504000-7f94c0600000 rw-p 00000000 00:00 0 
7f94c0700000-7f94c0704000 ---p 00000000 00:00 0 
7f94c0704000-7f94c0800000 rw-p 00000000 00:00 0 
7f94c0900000-7f94c0904000 ---p 00000000 00:00 0 
7f94c0904000-7f94c0a00000 rw-p 00000000 00:00 0 
7f94c0b00000-7f94c0b04000 ---p 00000000 00:00 0 
7f94c0b04000-7f94c0c00000 rw-p 00000000 00:00 0 
7f94c0c00000-7f94c0c04000 ---p 00000000 00:00 0 
7f94c0c04000-7f94c0d00000 rw-p 00000000 00:00 0 
7f94c0d00000-7f94c0d04000 ---p 00000000 00:00 0 
7f94c0d04000-7f94c0e00000 rw-p 00000000 00:00 0 
7f94c0f00000-7f94c0f04000 ---p 00000000 00:00 0 
7f94c0f04000-7f94c1000000 rw-p 00000000 00:00 0 
7f94c1100000-7f94c1104000 ---p 00000000 00:00 0 
7f94c1104000-7f94c1200000 rw-p 00000000 00:00 0 
7f94c1300000-7f94c1304000 ---p 00000000 00:00 0 
7f94c1304000-7f94c1400000 rw-p 00000000 00:00 0 
7f94c1500000-7f94c1504000 ---p 00000000 00:00 0 
7f94c1504000-7f94c1600000 rw-p 00000000 00:00 0 
7f94c1700000-7f94c1704000 ---p 00000000 00:00 0 
7f94c1704000-7f94c1800000 rw-p 00000000 00:00 0 
7f94c1900000-7f94c1904000 ---p 00000000 00:00 0 
7f94c1904000-7f94c1a00000 rw-p 00000000 00:00 0 
7f94c1b00000-7f94c1b04000 ---p 00000000 00:00 0 
7f94c1b04000-7f94c1c00000 rw-p 00000000 00:00 0 
7f94c1d00000-7f94c1d04000 ---p 00000000 00:00 0 
7f94c1d04000-7f94c1e00000 rw-p 00000000 00:00 0 
7f94c1f00000-7f94c1f04000 ---p 00000000 00:00 0 
7f94c1f04000-7f94c2000000 rw-p 00000000 00:00 0 
7f94c2000000-7f94c2004000 ---p 00000000 00:00 0 
7f94c2004000-7f94c2100000 rw-p 00000000 00:00 0 
7f94c2100000-7f94c2104000 ---p 00000000 00:00 0 
7f94c2104000-7f94c2200000 rw-p 00000000 00:00 0 
7f94c2300000-7f94c2304000 ---p 00000000 00:00 0 
7f94c2304000-7f94c2400000 rw-p 00000000 00:00 0 
7f94c2400000-7f94c2404000 ---p 00000000 00:00 0 
7f94c2404000-7f94c2500000 rw-p 00000000 00:00 0 
7f94c2500000-7f94c2504000 ---p 00000000 00:00 0 
7f94c2504000-7f94c2600000 rw-p 00000000 00:00 0 
7f94c2700000-7f94c2704000 ---p 00000000 00:00 0 
7f94c2704000-7f94c2800000 rw-p 00000000 00:00 0 
7f94c2900000-7f94c2904000 ---p 00000000 00:00 0 
7f94c2904000-7f94c2a00000 rw-p 00000000 00:00 0 
7f94c2a00000-7f94c2a04000 ---p 00000000 00:00 0 
7f94c2a04000-7f94c2b00000 rw-p 00000000 00:00 0 
7f94c2b00000-7f94c2b04000 ---p 00000000 00:00 0 
7f94c2b04000-7f94c2c00000 rw-p 00000000 00:00 0 
7f94c2c00000-7f94c2c04000 ---p 00000000 00:00 0 
7f94c2c04000-7f94c2d00000 rw-p 00000000 00:00 0 
7f94c2d00000-7f94c2d04000 ---p 00000000 00:00 0 
7f94c2d04000-7f94c2e00000 rw-p 00000000 00:00 0 
7f94c3a68000-7f94c3f00000 rw-p 00000000 00:00 0 
7f94c4000000-7f94c4021000 rw-p 00000000 00:00 0 
7f94c4021000-7f94c8000000 ---p 00000000 00:00 0 
7f94c8000000-7f94c8021000 rw-p 00000000 00:00 0 
7f94c8021000-7f94cc000000 ---p 00000000 00:00 0 
7f94cc000000-7f94cc02a000 rw-p 00000000 00:00 0 
7f94cc02a000-7f94d0000000 ---p 00000000 00:00 0 
7f94d0000000-7f94d0021000 rw-p 00000000 00:00 0 
7f94d0021000-7f94d4000000 ---p 00000000 00:00 0 
7f94d4000000-7f94d40f5000 rw-p 00000000 00:00 0 
7f94d40f5000-7f94d8000000 ---p 00000000 00:00 0 
7f94d8000000-7f94d8b94000 rw-p 00000000 00:00 0 
7f94d8b94000-7f94dc000000 ---p 00000000 00:00 0 
7f94dc000000-7f94dc021000 rw-p 00000000 00:00 0 
7f94dc021000-7f94e0000000 ---p 00000000 00:00 0 
7f94e0000000-7f94e0021000 rw-p 00000000 00:00 0 
7f94e0021000-7f94e4000000 ---p 00000000 00:00 0 
7f94e4000000-7f94e4021000 rw-p 00000000 00:00 0 
7f94e4021000-7f94e8000000 ---p 00000000 00:00 0 
7f94e8000000-7f94e8021000 rw-p 00000000 00:00 0 
7f94e8021000-7f94ec000000 ---p 00000000 00:00 0 
7f94ec000000-7f94ec021000 rw-p 00000000 00:00 0 
7f94ec021000-7f94f0000000 ---p 00000000 00:00 0 
7f94f0000000-7f94f0021000 rw-p 00000000 00:00 0 
7f94f0021000-7f94f4000000 ---p 00000000 00:00 0 
7f94f4000000-7f94f41ef000 rw-p 00000000 00:00 0 
7f94f41ef000-7f94f8000000 ---p 00000000 00:00 0 
7f94f8100000-7f94f8104000 ---p 00000000 00:00 0 
7f94f8104000-7f94f8200000 rw-p 00000000 00:00 0 
7f94f8300000-7f94f8304000 ---p 00000000 00:00 0 
7f94f8304000-7f94f8400000 rw-p 00000000 00:00 0 
7f94f8400000-7f94fa56a000 r-xp 00000000 00:83f 707802136                 /nix/store/gpxl5qgg8kicmcvivwmybwjlpf7wh20l-graalvm17-ce-22.3.0/lib/libjvmcicompiler.so
7f94fa56a000-7f94fa769000 ---p 0216a000 00:83f 707802136                 /nix/store/gpxl5qgg8kicmcvivwmybwjlpf7wh20l-graalvm17-ce-22.3.0/lib/libjvmcicompiler.so
7f94fa769000-7f94fa76a000 r--p 02169000 00:83f 707802136                 /nix/store/gpxl5qgg8kicmcvivwmybwjlpf7wh20l-graalvm17-ce-22.3.0/lib/libjvmcicompiler.so
7f94fa76a000-7f94fa76c000 rw-p 0216a000 00:83f 707802136                 /nix/store/gpxl5qgg8kicmcvivwmybwjlpf7wh20l-graalvm17-ce-22.3.0/lib/libjvmcicompiler.so
7f94fa76c000-7f94fa76d000 rw-p 00000000 00:00 0 
7f94fa76d000-7f94fa772000 rw-p 023c3000 00:83f 707802136                 /nix/store/gpxl5qgg8kicmcvivwmybwjlpf7wh20l-graalvm17-ce-22.3.0/lib/libjvmcicompiler.so
7f94fa7a4000-7f94fa7a6000 r-xp 00000000 00:83f 707802113                 /nix/store/gpxl5qgg8kicmcvivwmybwjlpf7wh20l-graalvm17-ce-22.3.0/lib/libextnet.so
7f94fa7a6000-7f94fa7a7000 r--p 00001000 00:83f 707802113                 /nix/store/gpxl5qgg8kicmcvivwmybwjlpf7wh20l-graalvm17-ce-22.3.0/lib/libextnet.so
7f94fa7a7000-7f94fa7a8000 rw-p 00002000 00:83f 707802113                 /nix/store/gpxl5qgg8kicmcvivwmybwjlpf7wh20l-graalvm17-ce-22.3.0/lib/libextnet.so
7f94fa7a8000-7f94fa7a9000 rw-p 00004000 00:83f 707802113                 /nix/store/gpxl5qgg8kicmcvivwmybwjlpf7wh20l-graalvm17-ce-22.3.0/lib/libextnet.so
7f94fa7a9000-7f94fa7ad000 ---p 00000000 00:00 0 
7f94fa7ad000-7f94fa8a9000 rw-p 00000000 00:00 0 
7f94fa8a9000-7f94fa8ad000 ---p 00000000 00:00 0 
7f94fa8ad000-7f94fa8cb000 rw-p 00000000 00:00 0 
7f94fa8cb000-7f94fa8cc000 ---p 00000000 00:00 0 
7f94fa8cc000-7f94fa9cd000 rw-p 00000000 00:00 0 
7f94fa9cd000-7f94fa9d1000 ---p 00000000 00:00 0 
7f94fa9d1000-7f94faacd000 rw-p 00000000 00:00 0 
7f94faacd000-7f94faad1000 ---p 00000000 00:00 0 
7f94faad1000-7f94fabcd000 rw-p 00000000 00:00 0 
7f94fabcd000-7f94fabd1000 ---p 00000000 00:00 0 
7f94fabd1000-7f94faccd000 rw-p 00000000 00:00 0 
7f94faccd000-7f94facd1000 ---p 00000000 00:00 0 
7f94facd1000-7f94faecd000 rw-p 00000000 00:00 0 
7f94faecd000-7f94faed1000 ---p 00000000 00:00 0 
7f94faed1000-7f94fb0cd000 rw-p 00000000 00:00 0 
7f94fb0cd000-7f94fb0d1000 ---p 00000000 00:00 0 
7f94fb0d1000-7f94fb1cd000 rw-p 00000000 00:00 0 
7f94fb1cd000-7f94fb4b3000 r--p 00000000 00:813 28444448                  /usr/lib/locale/locale-archive
7f94fb4b3000-7f94fb723000 rwxp 00000000 00:00 0 
7f94fb723000-7f94fba42000 ---p 00000000 00:00 0 
7f94fba42000-7f94fcbc2000 rwxp 00000000 00:00 0 
7f94fcbc2000-7f9502f7a000 ---p 00000000 00:00 0 
7f9502f7a000-7f950326a000 rwxp 00000000 00:00 0 
7f950326a000-7f950a4b3000 ---p 00000000 00:00 0 
7f950a4b3000-7f9514000000 r--s 00000000 00:83f 707804677                 /nix/store/gpxl5qgg8kicmcvivwmybwjlpf7wh20l-graalvm17-ce-22.3.0/lib/modules
7f9514000000-7f9514602000 rw-p 00000000 00:00 0 
7f9514602000-7f9518000000 ---p 00000000 00:00 0 
7f9518000000-7f9518004000 ---p 00000000 00:00 0 
7f9518004000-7f9518100000 rw-p 00000000 00:00 0 
7f9518100000-7f9518104000 ---p 00000000 00:00 0 
7f9518104000-7f9518200000 rw-p 00000000 00:00 0 
7f9518200000-7f9518204000 ---p 00000000 00:00 0 
7f9518204000-7f9518300000 rw-p 00000000 00:00 0 
7f9518300000-7f9518304000 ---p 00000000 00:00 0 
7f9518304000-7f95187f0000 rw-p 00000000 00:00 0 
7f95187f0000-7f9518af0000 rw-p 00000000 00:00 0 
7f9518af0000-7f9518c00000 rw-p 00000000 00:00 0 
7f9518c00000-7f9518c07000 r-xp 00000000 00:83f 707804676                 /nix/store/gpxl5qgg8kicmcvivwmybwjlpf7wh20l-graalvm17-ce-22.3.0/lib/libzip.so
7f9518c07000-7f9518c08000 ---p 00007000 00:83f 707804676                 /nix/store/gpxl5qgg8kicmcvivwmybwjlpf7wh20l-graalvm17-ce-22.3.0/lib/libzip.so
7f9518c08000-7f9518c09000 r--p 00007000 00:83f 707804676                 /nix/store/gpxl5qgg8kicmcvivwmybwjlpf7wh20l-graalvm17-ce-22.3.0/lib/libzip.so
7f9518c09000-7f9518c0a000 rw-p 00008000 00:83f 707804676                 /nix/store/gpxl5qgg8kicmcvivwmybwjlpf7wh20l-graalvm17-ce-22.3.0/lib/libzip.so
7f9518c0a000-7f9518c0c000 rw-p 0000b000 00:83f 707804676                 /nix/store/gpxl5qgg8kicmcvivwmybwjlpf7wh20l-graalvm17-ce-22.3.0/lib/libzip.so
7f9518c0c000-7f9518c21000 r-xp 00000000 00:83f 707804666                 /nix/store/gpxl5qgg8kicmcvivwmybwjlpf7wh20l-graalvm17-ce-22.3.0/lib/libnet.so
7f9518c21000-7f9518c22000 ---p 00015000 00:83f 707804666                 /nix/store/gpxl5qgg8kicmcvivwmybwjlpf7wh20l-graalvm17-ce-22.3.0/lib/libnet.so
7f9518c22000-7f9518c23000 r--p 00015000 00:83f 707804666                 /nix/store/gpxl5qgg8kicmcvivwmybwjlpf7wh20l-graalvm17-ce-22.3.0/lib/libnet.so
7f9518c23000-7f9518c24000 rw-p 00016000 00:83f 707804666                 /nix/store/gpxl5qgg8kicmcvivwmybwjlpf7wh20l-graalvm17-ce-22.3.0/lib/libnet.so
7f9518c24000-7f9518c27000 rw-p 0001b000 00:83f 707804666                 /nix/store/gpxl5qgg8kicmcvivwmybwjlpf7wh20l-graalvm17-ce-22.3.0/lib/libnet.so
7f9518c27000-7f9518c3a000 r-xp 00000000 00:83f 707804667                 /nix/store/gpxl5qgg8kicmcvivwmybwjlpf7wh20l-graalvm17-ce-22.3.0/lib/libnio.so
7f9518c3a000-7f9518c3b000 r--p 00012000 00:83f 707804667                 /nix/store/gpxl5qgg8kicmcvivwmybwjlpf7wh20l-graalvm17-ce-22.3.0/lib/libnio.so
7f9518c3b000-7f9518c3c000 rw-p 00013000 00:83f 707804667                 /nix/store/gpxl5qgg8kicmcvivwmybwjlpf7wh20l-graalvm17-ce-22.3.0/lib/libnio.so
7f9518c3c000-7f9518c41000 rw-p 00019000 00:83f 707804667                 /nix/store/gpxl5qgg8kicmcvivwmybwjlpf7wh20l-graalvm17-ce-22.3.0/lib/libnio.so
7f9518c41000-7f9518c42000 ---p 00000000 00:00 0 
7f9518c42000-7f9518d43000 rw-p 00000000 00:00 0 
7f9518d43000-7f9518e11000 r-xp 00000000 00:83f 707802132                 /nix/store/gpxl5qgg8kicmcvivwmybwjlpf7wh20l-graalvm17-ce-22.3.0/lib/libjsvml.so
7f9518e11000-7f9518e12000 r--p 000cd000 00:83f 707802132                 /nix/store/gpxl5qgg8kicmcvivwmybwjlpf7wh20l-graalvm17-ce-22.3.0/lib/libjsvml.so
7f9518e12000-7f9518e13000 rw-p 000ce000 00:83f 707802132                 /nix/store/gpxl5qgg8kicmcvivwmybwjlpf7wh20l-graalvm17-ce-22.3.0/lib/libjsvml.so
7f9518e13000-7f951a6eb000 rw-p 00000000 00:00 0 
7f951a6eb000-7f951a6ec000 ---p 00000000 00:00 0 
7f951a6ec000-7f951a890000 rw-p 00000000 00:00 0 
7f951a890000-7f951a8a8000 rw-p 00000000 00:00 0 
7f951a8a8000-7f951a8ed000 ---p 00000000 00:00 0 
7f951a8ed000-7f951a8f4000 rw-p 00000000 00:00 0 
7f951a8f4000-7f951a9d9000 ---p 00000000 00:00 0 
7f951a9d9000-7f951a9fc000 rw-p 00000000 00:00 0 
7f951a9fc000-7f951aac4000 ---p 00000000 00:00 0 
7f951aac4000-7f951aac9000 rw-p 00000000 00:00 0 
7f951aac9000-7f951aad0000 ---p 00000000 00:00 0 
7f951aad0000-7f951aaf4000 r-xp 00000000 00:83f 707802124                 /nix/store/gpxl5qgg8kicmcvivwmybwjlpf7wh20l-graalvm17-ce-22.3.0/lib/libjava.so
7f951aaf4000-7f951aaf5000 ---p 00024000 00:83f 707802124                 /nix/store/gpxl5qgg8kicmcvivwmybwjlpf7wh20l-graalvm17-ce-22.3.0/lib/libjava.so
7f951aaf5000-7f951aaf6000 r--p 00024000 00:83f 707802124                 /nix/store/gpxl5qgg8kicmcvivwmybwjlpf7wh20l-graalvm17-ce-22.3.0/lib/libjava.so
7f951aaf6000-7f951aaf7000 rw-p 00025000 00:83f 707802124                 /nix/store/gpxl5qgg8kicmcvivwmybwjlpf7wh20l-graalvm17-ce-22.3.0/lib/libjava.so
7f951aaf7000-7f951aaf8000 rw-p 00000000 00:00 0 
7f951aaf8000-7f951aaff000 rw-p 0002f000 00:83f 707802124                 /nix/store/gpxl5qgg8kicmcvivwmybwjlpf7wh20l-graalvm17-ce-22.3.0/lib/libjava.so
7f951aaff000-7f951ab07000 rw-s 00000000 00:809 385                       /tmp/hsperfdata_runner/35
7f951ab07000-7f951ab08000 ---p 00000000 00:00 0 
7f951ab08000-7f951ab09000 r--p 00000000 00:00 0 
7f951ab09000-7f951ab0a000 rwxp 00000000 00:00 0 
7f951ab0a000-7f951ab25000 r-xp 00000000 00:83f 707802128                 /nix/store/gpxl5qgg8kicmcvivwmybwjlpf7wh20l-graalvm17-ce-22.3.0/lib/libjimage.so
7f951ab25000-7f951ab26000 ---p 0001b000 00:83f 707802128                 /nix/store/gpxl5qgg8kicmcvivwmybwjlpf7wh20l-graalvm17-ce-22.3.0/lib/libjimage.so
7f951ab26000-7f951ab28000 r--p 0001b000 00:83f 707802128                 /nix/store/gpxl5qgg8kicmcvivwmybwjlpf7wh20l-graalvm17-ce-22.3.0/lib/libjimage.so
7f951ab28000-7f951ab29000 rw-p 0001d000 00:83f 707802128                 /nix/store/gpxl5qgg8kicmcvivwmybwjlpf7wh20l-graalvm17-ce-22.3.0/lib/libjimage.so
7f951ab29000-7f951ab2a000 rw-p 00024000 00:83f 707802128                 /nix/store/gpxl5qgg8kicmcvivwmybwjlpf7wh20l-graalvm17-ce-22.3.0/lib/libjimage.so
7f951ab2a000-7f951ab2e000 ---p 00000000 00:00 0 
7f951ab2e000-7f951ac2a000 rw-p 00000000 00:00 0 
7f951ac2a000-7f951ac38000 r--p 00000000 00:83f 600592023                 /nix/store/4nlgxhb09sdr51nc9hdm8az5b08vzkgx-glibc-2.35-163/lib/libm.so.6
7f951ac38000-7f951acab000 r-xp 0000e000 00:83f 600592023                 /nix/store/4nlgxhb09sdr51nc9hdm8az5b08vzkgx-glibc-2.35-163/lib/libm.so.6
7f951acab000-7f951ad08000 r--p 00081000 00:83f 600592023                 /nix/store/4nlgxhb09sdr51nc9hdm8az5b08vzkgx-glibc-2.35-163/lib/libm.so.6
7f951ad08000-7f951ad09000 r--p 000dd000 00:83f 600592023                 /nix/store/4nlgxhb09sdr51nc9hdm8az5b08vzkgx-glibc-2.35-163/lib/libm.so.6
7f951ad09000-7f951ad0a000 rw-p 000de000 00:83f 600592023                 /nix/store/4nlgxhb09sdr51nc9hdm8az5b08vzkgx-glibc-2.35-163/lib/libm.so.6
7f951ad0a000-7f951ad0b000 r--p 00000000 00:83f 600592042                 /nix/store/4nlgxhb09sdr51nc9hdm8az5b08vzkgx-glibc-2.35-163/lib/librt.so.1
7f951ad0b000-7f951ad0c000 r-xp 00001000 00:83f 600592042                 /nix/store/4nlgxhb09sdr51nc9hdm8az5b08vzkgx-glibc-2.35-163/lib/librt.so.1
7f951ad0c000-7f951ad0d000 r--p 00002000 00:83f 600592042                 /nix/store/4nlgxhb09sdr51nc9hdm8az5b08vzkgx-glibc-2.35-163/lib/librt.so.1
7f951ad0d000-7f951ad0e000 r--p 00002000 00:83f 600592042                 /nix/store/4nlgxhb09sdr51nc9hdm8az5b08vzkgx-glibc-2.35-163/lib/librt.so.1
7f951ad0e000-7f951ad0f000 rw-p 00003000 00:83f 600592042                 /nix/store/4nlgxhb09sdr51nc9hdm8az5b08vzkgx-glibc-2.35-163/lib/librt.so.1
7f951ad0f000-7f951be22000 r-xp 00000000 00:83f 707972962                 /nix/store/gpxl5qgg8kicmcvivwmybwjlpf7wh20l-graalvm17-ce-22.3.0/lib/server/libjvm.so
7f951be22000-7f951be23000 ---p 01113000 00:83f 707972962                 /nix/store/gpxl5qgg8kicmcvivwmybwjlpf7wh20l-graalvm17-ce-22.3.0/lib/server/libjvm.so
7f951be23000-7f951bed8000 r--p 01113000 00:83f 707972962                 /nix/store/gpxl5qgg8kicmcvivwmybwjlpf7wh20l-graalvm17-ce-22.3.0/lib/server/libjvm.so
7f951bed8000-7f951bf0c000 rw-p 011c8000 00:83f 707972962                 /nix/store/gpxl5qgg8kicmcvivwmybwjlpf7wh20l-graalvm17-ce-22.3.0/lib/server/libjvm.so
7f951bf0c000-7f951bf68000 rw-p 00000000 00:00 0 
7f951bf68000-7f951bf90000 r--p 00000000 00:83f 600592014                 /nix/store/4nlgxhb09sdr51nc9hdm8az5b08vzkgx-glibc-2.35-163/lib/libc.so.6
7f951bf90000-7f951c106000 r-xp 00028000 00:83f 600592014                 /nix/store/4nlgxhb09sdr51nc9hdm8az5b08vzkgx-glibc-2.35-163/lib/libc.so.6
7f951c106000-7f951c15e000 r--p 0019e000 00:83f 600592014                 /nix/store/4nlgxhb09sdr51nc9hdm8az5b08vzkgx-glibc-2.35-163/lib/libc.so.6
7f951c15e000-7f951c162000 r--p 001f6000 00:83f 600592014                 /nix/store/4nlgxhb09sdr51nc9hdm8az5b08vzkgx-glibc-2.35-163/lib/libc.so.6
7f951c162000-7f951c164000 rw-p 001fa000 00:83f 600592014                 /nix/store/4nlgxhb09sdr51nc9hdm8az5b08vzkgx-glibc-2.35-163/lib/libc.so.6
7f951c164000-7f951c173000 rw-p 00000000 00:00 0 
7f951c173000-7f951c174000 r--p 00000000 00:83f 600592019                 /nix/store/4nlgxhb09sdr51nc9hdm8az5b08vzkgx-glibc-2.35-163/lib/libdl.so.2
7f951c174000-7f951c175000 r-xp 00001000 00:83f 600592019                 /nix/store/4nlgxhb09sdr51nc9hdm8az5b08vzkgx-glibc-2.35-163/lib/libdl.so.2
7f951c175000-7f951c176000 r--p 00002000 00:83f 600592019                 /nix/store/4nlgxhb09sdr51nc9hdm8az5b08vzkgx-glibc-2.35-163/lib/libdl.so.2
7f951c176000-7f951c177000 r--p 00002000 00:83f 600592019                 /nix/store/4nlgxhb09sdr51nc9hdm8az5b08vzkgx-glibc-2.35-163/lib/libdl.so.2
7f951c177000-7f951c178000 rw-p 00003000 00:83f 600592019                 /nix/store/4nlgxhb09sdr51nc9hdm8az5b08vzkgx-glibc-2.35-163/lib/libdl.so.2
7f951c178000-7f951c179000 r--p 00000000 00:83f 600592038                 /nix/store/4nlgxhb09sdr51nc9hdm8az5b08vzkgx-glibc-2.35-163/lib/libpthread.so.0
7f951c179000-7f951c17a000 r-xp 00001000 00:83f 600592038                 /nix/store/4nlgxhb09sdr51nc9hdm8az5b08vzkgx-glibc-2.35-163/lib/libpthread.so.0
7f951c17a000-7f951c17b000 r--p 00002000 00:83f 600592038                 /nix/store/4nlgxhb09sdr51nc9hdm8az5b08vzkgx-glibc-2.35-163/lib/libpthread.so.0
7f951c17b000-7f951c17c000 r--p 00002000 00:83f 600592038                 /nix/store/4nlgxhb09sdr51nc9hdm8az5b08vzkgx-glibc-2.35-163/lib/libpthread.so.0
7f951c17c000-7f951c17d000 rw-p 00003000 00:83f 600592038                 /nix/store/4nlgxhb09sdr51nc9hdm8az5b08vzkgx-glibc-2.35-163/lib/libpthread.so.0
7f951c17d000-7f951c18b000 r-xp 00000000 00:83f 707802129                 /nix/store/gpxl5qgg8kicmcvivwmybwjlpf7wh20l-graalvm17-ce-22.3.0/lib/libjli.so
7f951c18b000-7f951c18c000 ---p 0000e000 00:83f 707802129                 /nix/store/gpxl5qgg8kicmcvivwmybwjlpf7wh20l-graalvm17-ce-22.3.0/lib/libjli.so
7f951c18c000-7f951c18d000 r--p 0000e000 00:83f 707802129                 /nix/store/gpxl5qgg8kicmcvivwmybwjlpf7wh20l-graalvm17-ce-22.3.0/lib/libjli.so
7f951c18d000-7f951c18e000 rw-p 0000f000 00:83f 707802129                 /nix/store/gpxl5qgg8kicmcvivwmybwjlpf7wh20l-graalvm17-ce-22.3.0/lib/libjli.so
7f951c18e000-7f951c18f000 rw-p 00012000 00:83f 707802129                 /nix/store/gpxl5qgg8kicmcvivwmybwjlpf7wh20l-graalvm17-ce-22.3.0/lib/libjli.so
7f951c18f000-7f951c192000 r--p 00000000 00:83f 678822167                 /nix/store/026hln0aq1hyshaxsdvhg0kmcm6yf45r-zlib-1.2.13/lib/libz.so.1.2.13
7f951c192000-7f951c1a4000 r-xp 00003000 00:83f 678822167                 /nix/store/026hln0aq1hyshaxsdvhg0kmcm6yf45r-zlib-1.2.13/lib/libz.so.1.2.13
7f951c1a4000-7f951c1ab000 r--p 00015000 00:83f 678822167                 /nix/store/026hln0aq1hyshaxsdvhg0kmcm6yf45r-zlib-1.2.13/lib/libz.so.1.2.13
7f951c1ab000-7f951c1ac000 r--p 0001b000 00:83f 678822167                 /nix/store/026hln0aq1hyshaxsdvhg0kmcm6yf45r-zlib-1.2.13/lib/libz.so.1.2.13
7f951c1ac000-7f951c1ad000 rw-p 0001c000 00:83f 678822167                 /nix/store/026hln0aq1hyshaxsdvhg0kmcm6yf45r-zlib-1.2.13/lib/libz.so.1.2.13
7f951c1ad000-7f951c1af000 rw-p 00000000 00:00 0 
7f951c1af000-7f951c1b1000 r--p 00000000 00:83f 600592008                 /nix/store/4nlgxhb09sdr51nc9hdm8az5b08vzkgx-glibc-2.35-163/lib/ld-linux-x86-64.so.2
7f951c1b1000-7f951c1d8000 r-xp 00002000 00:83f 600592008                 /nix/store/4nlgxhb09sdr51nc9hdm8az5b08vzkgx-glibc-2.35-163/lib/ld-linux-x86-64.so.2
7f951c1d8000-7f951c1e4000 r--p 00029000 00:83f 600592008                 /nix/store/4nlgxhb09sdr51nc9hdm8az5b08vzkgx-glibc-2.35-163/lib/ld-linux-x86-64.so.2
7f951c1e4000-7f951c1e6000 r--p 00034000 00:83f 600592008                 /nix/store/4nlgxhb09sdr51nc9hdm8az5b08vzkgx-glibc-2.35-163/lib/ld-linux-x86-64.so.2
7f951c1e6000-7f951c1e8000 rw-p 00036000 00:83f 600592008                 /nix/store/4nlgxhb09sdr51nc9hdm8az5b08vzkgx-glibc-2.35-163/lib/ld-linux-x86-64.so.2
7fff3a9e1000-7fff3aa05000 rw-p 00000000 00:00 0                          [stack]
7fff3aaf9000-7fff3aafd000 r--p 00000000 00:00 0                          [vvar]
7fff3aafd000-7fff3aaff000 r-xp 00000000 00:00 0                          [vdso]
ffffffffff600000-ffffffffff601000 --xp 00000000 00:00 0                  [vsyscall]


VM Arguments:
jvm_args: -XX:ThreadPriorityPolicy=1 -XX:+UnlockExperimentalVMOptions -XX:+EnableJVMCIProduct -XX:JVMCIThreadsPerNativeLibraryRuntime=1 -XX:-UnlockExperimentalVMOptions -Declipse.application=org.eclipse.jdt.ls.core.id1 -Dosgi.bundles.defaultStartLevel=4 -Declipse.product=org.eclipse.jdt.ls.core.product -Dlog.level=ALL -Xverify:none -XX:+UseParallelGC -XX:GCTimeRatio=4 -XX:AdaptiveSizePolicyWeight=90 -Dsun.zip.disableMemoryMapping=true -Xmx512m -Xms100m 
java_command: /nix/store/a7s9klvriqi68xz3qjc0qyfl5h86xc16-jdt-language-server-1.9.0/share/java/plugins/org.eclipse.equinox.launcher_1.6.400.v20210924-0641.jar --add-modules=ALL-SYSTEM --add-opens java.base/java.util=ALL-UNNAMED --add-opens java.base/java.lang=ALL-UNNAMED -configuration /home/runner/.cache/jdt-language-server/config -data /home/runner/.cache/jdt-language-server/data/home/runner/OOP-assignment
java_class_path (initial): /nix/store/a7s9klvriqi68xz3qjc0qyfl5h86xc16-jdt-language-server-1.9.0/share/java/plugins/org.eclipse.equinox.launcher_1.6.400.v20210924-0641.jar
Launcher Type: SUN_STANDARD

[Global flags]
    uintx AdaptiveSizePolicyWeight                 = 90                                        {product} {command line}
     intx CICompilerCount                          = 2                                         {product} {ergonomic}
     bool EnableJVMCIProduct                       = true                                {JVMCI product} {jimage}
    uintx GCTimeRatio                              = 4                                         {product} {command line}
   size_t InitialHeapSize                          = 104857600                                 {product} {command line}
     uint JVMCIThreadsPerNativeLibraryRuntime      = 1                                   {JVMCI product} {jimage}
   size_t MaxHeapSize                              = 536870912                                 {product} {command line}
   size_t MaxNewSize                               = 178782208                                 {product} {ergonomic}
   size_t MinHeapDeltaBytes                        = 524288                                    {product} {ergonomic}
   size_t MinHeapSize                              = 104857600                                 {product} {command line}
   size_t NewSize                                  = 34603008                                  {product} {ergonomic}
    uintx NonNMethodCodeHeapSize                   = 5826188                                {pd product} {ergonomic}
    uintx NonProfiledCodeHeapSize                  = 122916026                              {pd product} {ergonomic}
   size_t OldSize                                  = 70254592                                  {product} {ergonomic}
    uintx ProfiledCodeHeapSize                     = 122916026                              {pd product} {ergonomic}
    uintx ReservedCodeCacheSize                    = 251658240                              {pd product} {ergonomic}
     bool SegmentedCodeCache                       = true                                      {product} {ergonomic}
   size_t SoftMaxHeapSize                          = 536870912                              {manageable} {ergonomic}
     intx ThreadPriorityPolicy                     = 1                                         {product} {jimage}
     bool UseCompressedClassPointers               = true                           {product lp64_product} {ergonomic}
     bool UseCompressedOops                        = true                           {product lp64_product} {ergonomic}
     bool UseParallelGC                            = true                                      {product} {command line}

Logging:
Log output configuration:
 #0: stdout all=warning uptime,level,tags
 #1: stderr all=off uptime,level,tags

Environment Variables:
JAVA_HOME=/nix/store/gpxl5qgg8kicmcvivwmybwjlpf7wh20l-graalvm17-ce-22.3.0
PATH=/nix/store/1d6ian3r8kdzspw8hacjhl3xkp40g1lj-binutils-wrapper-2.39/bin:/nix/store/dq0xwmsk1g0i2ayg6pb7y87na2knzylh-gcc-wrapper-11.3.0/bin:/nix/store/bap4d0lpcrhpwmpb8ayjcgkmvfj62lnq-bash-interactive-5.1-p16/bin:/nix/store/pr5n59mb4jzmfx6kanwxly0l07p861fg-patchelf-0.15.0/bin:/nix/store/1gf2flfqnpqbr1b4p4qz2f72y42bs56r-gcc-11.3.0/bin:/nix/store/57xv61c5zi8pphjbcwxxjlgc34p61ic9-glibc-2.35-163-bin/bin:/nix/store/a7gvj343m05j2s32xcnwr35v31ynlypr-coreutils-9.1/bin:/nix/store/039g378vc3pc3dvi9dzdlrd0i4q93qwf-binutils-2.39/bin:/nix/store/pa1iykdgy0wwrd2ywnb9ab9dgdgr2v3h-prettier-2.7.1/bin:/nix/store/gpxl5qgg8kicmcvivwmybwjlpf7wh20l-graalvm17-ce-22.3.0/bin:/nix/store/6z9ag3ihc8mq2hzsw48lhbznvzny65nz-apache-maven-3.8.6/bin:/nix/store/a7s9klvriqi68xz3qjc0qyfl5h86xc16-jdt-language-server-1.9.0/bin:/nix/store/48ifl2w60a3zp7yskbpnvn8jp9jdsb7k-java-debug/bin:/nix/store/mydc6f4k2z73xlcz7ilif3v2lcaiqvza-findutils-4.9.0/bin:/nix/store/j9p3g8472iijd50vhdprx0nmk2fqn5gv-diffutils-3.8/bin:/nix/store/89zs7rms6x00xfq4dq6m7mjnhkr8a6r4-gnused-4.8/bin:/nix/store/86bp03jkmsl6f92w0yzg4s59g5mhxwmy-gnugrep-3.7/bin:/nix/store/hwcdqw4jrjnd37wxqgsd47hd0j8bnj09-gawk-5.1.1/bin:/nix/store/cfbhw8r8ags41vwqaz47r583d0p4h4a1-gnutar-1.34/bin:/nix/store/p3m1ndl1lapwrlh698bnb5lvvxh67378-gzip-1.12/bin:/nix/store/a8mhcagrsly7c7mpjrpsnaahk4aax056-bzip2-1.0.8-bin/bin:/nix/store/mblgz65m3zv9x548a3d5m96fj2pbwr09-gnumake-4.3/bin:/nix/store/dsd5gz46hdbdk2rfdimqddhq6m8m8fqs-bash-5.1-p16/bin:/nix/store/v7ljksji50mg3w61dykaa3n3y79n6nil-patch-2.7.6/bin:/nix/store/zlcnmqq14jz5x9439jf937mvayyl63da-xz-5.2.7-bin/bin:/nix/store/y6aj732zm9m87c82fpvf103a1xb22blp-file-5.43/bin:/nix/store/v9py4f18ka9m81fl2nrgwim187awj8wb-nix-2.18.0pre20230808_c0e6466/bin:/nix/store/i4kzir3m7mrisxmf5xvlnkw01x4qaqr4-prybar-elisp-0.0.0-e0d9a52/bin:/nix/store/lwwivxf6h7x3cvxp9zv8sj0mv7dak99r-prybar-lua-0.0.0-e0d9a52/bin:/nix/store/gxj28g1cg4hq3qanmjv07156h800qr58-prybar-python3-0.0.0-e0d9a52/bin:/nix/store/hshkjnxrgidigf8x75vg6lqng2xlx9i3-prybar-sql
LD_LIBRARY_PATH=/nix/store/a4pff549sk2idnkpzk5nsfps3mdkdnvm-cups-2.4.2-lib/lib:/nix/store/72mqxxhh3cy5yifh92wh2yb8cl2hikyy-cairo-1.16.0/lib:/nix/store/2k366jrbsra97gjfxwvrhvixjfxdach5-glib-2.74.1/lib:/nix/store/2j2znigd8ak37rlwh9khz0ry3clqlw1l-gtk+3-3.24.34/lib:/nix/store/hisqvx32cd57apbpcsnkpx6k3549wql1-libglvnd-1.4.0/lib:/nix/store/p36pgcv991mq5srvg765b78yqpxvk3qs-mesa-21.3.3-drivers/lib:/nix/store/mav4251if1ahjq5vkpwycyyvnmy459c4-pulseaudio-14.2/lib
DISPLAY=:0
LANG=en_US.UTF-8

Signal Handlers:
   SIGSEGV: crash_handler in libjvm.so, mask=11100100010111111101111111111110, flags=SA_RESTART|SA_SIGINFO
    SIGBUS: crash_handler in libjvm.so, mask=11100100010111111101111111111110, flags=SA_RESTART|SA_SIGINFO
    SIGFPE: crash_handler in libjvm.so, mask=11100100010111111101111111111110, flags=SA_RESTART|SA_SIGINFO
   SIGPIPE: IsolateEnterStub_IgnoreSIGPIPEStartupHook_noopSignalHandler_8f19bff2f35b5f630d83b364d6b2339320d4ec70_216e8361c6bc87a8f89f58cc10d3b2fd4415bf87 in libjvmcicompiler.so, mask=00000000000000000000000000000000, flags=SA_RESTART
  *** Handler was modified!
  *** Expected: javaSignalHandler in libjvm.so, mask=11100100110111111111111111111110, flags=SA_RESTART|SA_SIGINFO
   SIGXFSZ: javaSignalHandler in libjvm.so, mask=11100100010111111101111111111110, flags=SA_RESTART|SA_SIGINFO
    SIGILL: crash_handler in libjvm.so, mask=11100100010111111101111111111110, flags=SA_RESTART|SA_SIGINFO
   SIGUSR2: SR_handler in libjvm.so, mask=00000000000000000000000000000000, flags=SA_RESTART|SA_SIGINFO
    SIGHUP: UserHandler in libjvm.so, mask=11100100010111111101111111111110, flags=SA_RESTART|SA_SIGINFO
    SIGINT: UserHandler in libjvm.so, mask=11100100010111111101111111111110, flags=SA_RESTART|SA_SIGINFO
   SIGTERM: UserHandler in libjvm.so, mask=11100100010111111101111111111110, flags=SA_RESTART|SA_SIGINFO
   SIGQUIT: UserHandler in libjvm.so, mask=11100100010111111101111111111110, flags=SA_RESTART|SA_SIGINFO
  *** Handler was modified!
  *** Expected: javaSignalHandler in libjvm.so, mask=11100100110111111111111111111110, flags=SA_RESTART|SA_SIGINFO
   SIGTRAP: crash_handler in libjvm.so, mask=11100100010111111101111111111110, flags=SA_RESTART|SA_SIGINFO


---------------  S Y S T E M  ---------------

OS:
DISTRIB_ID=Ubuntu
DISTRIB_RELEASE=20.04
DISTRIB_CODENAME=focal
DISTRIB_DESCRIPTION="Ubuntu 20.04.2 LTS"
uname: Linux 6.2.0-1017-gcp #19~22.04.1-Ubuntu SMP Fri Oct 13 15:33:25 UTC 2023 x86_64
OS uptime: 0 days 8:30 hours
libc: glibc 2.35 NPTL 2.35 
rlimit (soft/hard): STACK 8192k/infinity , CORE infinity/infinity , NPROC infinity/infinity , NOFILE 5242/5242 , AS infinity/infinity , CPU infinity/infinity , DATA infinity/infinity , FSIZE infinity/infinity , MEMLOCK 8192k/8192k
load average: 11.99 7.43 7.50

/proc/meminfo:
MemTotal:       32855984 kB
MemFree:        11641944 kB
MemAvailable:   23495592 kB
Buffers:         1996244 kB
Cached:          9426756 kB
SwapCached:            0 kB
Active:          5890212 kB
Inactive:       13696988 kB
Active(anon):       5688 kB
Inactive(anon):  8160540 kB
Active(file):    5884524 kB
Inactive(file):  5536448 kB
Unevictable:       28404 kB
Mlocked:           28404 kB
SwapTotal:             0 kB
SwapFree:              0 kB
Zswap:                 0 kB
Zswapped:              0 kB
Dirty:              3344 kB
Writeback:             0 kB
AnonPages:       7535012 kB
Mapped:          1461668 kB
Shmem:            136676 kB
KReclaimable:     898364 kB
Slab:            1229716 kB
SReclaimable:     898364 kB
SUnreclaim:       331352 kB
KernelStack:       70368 kB
PageTables:        97636 kB
SecPageTables:         0 kB
NFS_Unstable:          0 kB
Bounce:                0 kB
WritebackTmp:          0 kB
CommitLimit:    16427992 kB
Committed_AS:   27566860 kB
VmallocTotal:   34359738367 kB
VmallocUsed:       91160 kB
VmallocChunk:          0 kB
Percpu:            11952 kB
HardwareCorrupted:     0 kB
AnonHugePages:    284672 kB
ShmemHugePages:        0 kB
ShmemPmdMapped:        0 kB
FileHugePages:         0 kB
FilePmdMapped:         0 kB
HugePages_Total:       0
HugePages_Free:        0
HugePages_Rsvd:        0
HugePages_Surp:        0
Hugepagesize:       2048 kB
Hugetlb:               0 kB
DirectMap4k:      260920 kB
DirectMap2M:    21755904 kB
DirectMap1G:    13631488 kB

/sys/kernel/mm/transparent_hugepage/enabled: always [madvise] never
/sys/kernel/mm/transparent_hugepage/defrag (defrag/compaction efforts parameter): always defer defer+madvise [madvise] never

Process Memory:
Virtual Size: 3892804K (peak: 3926312K)
Resident Set Size: 739100K (peak: 773200K) (anon: 541048K, file: 198052K, shmem: 0K)
Swapped out: 0K
C-Heap outstanding allocations: 44917K, retained: 13638K
glibc malloc tunables: (default)

/proc/sys/kernel/threads-max (system-wide limit on the number of threads): 256622
/proc/sys/vm/max_map_count (maximum number of memory map areas a process may have): 65530
/proc/sys/kernel/pid_max (system-wide limit on number of process identifiers): 4194304

container (cgroup) information:
container_type: cgroupv2
cpu_cpuset_cpus: not supported
cpu_memory_nodes: not supported
active_processor_count: 1
cpu_quota: 50000
cpu_period: 100000
cpu_shares: no shares
memory_limit_in_bytes: 1048576 k
memory_and_swap_limit_in_bytes: unlimited
memory_soft_limit_in_bytes: 524288 k
memory_usage_in_bytes: 596284 k
memory_max_usage_in_bytes: not supported
maximum number of tasks: not supported
current number of tasks: not supported

KVM virtualization detected
Steal ticks since vm start: 925
Steal ticks percentage since vm start:  0.001

CPU: total 4 (initial active 1) (2 cores per cpu, 2 threads per core) family 6 model 79 stepping 0 microcode 0xffffffff, cx8, cmov, fxsr, ht, mmx, 3dnowpref, sse, sse2, sse3, ssse3, sse4.1, sse4.2, popcnt, lzcnt, tsc, tscinvbit, avx, avx2, aes, erms, clmul, bmi1, bmi2, rtm, adx, fma, vzeroupper, clflush, hv
CPU Model and flags from /proc/cpuinfo:
model name	: Intel(R) Xeon(R) CPU @ 2.20GHz
flags		: fpu vme de pse tsc msr pae mce cx8 apic sep mtrr pge mca cmov pat pse36 clflush mmx fxsr sse sse2 ss ht syscall nx pdpe1gb rdtscp lm constant_tsc rep_good nopl xtopology nonstop_tsc cpuid tsc_known_freq pni pclmulqdq ssse3 fma cx16 pcid sse4_1 sse4_2 x2apic movbe popcnt aes xsave avx f16c rdrand hypervisor lahf_lm abm 3dnowprefetch invpcid_single pti ssbd ibrs ibpb stibp fsgsbase tsc_adjust bmi1 hle avx2 smep bmi2 erms invpcid rtm rdseed adx smap xsaveopt arat md_clear arch_capabilities

Online cpus: 0-3
Offline cpus: 
BIOS frequency limitation: <Not Available>
Frequency switch latency (ns): <Not Available>
Available cpu frequencies: <Not Available>
Current governor: <Not Available>
Core performance/turbo boost: <Not Available>

Memory: 4k page, physical 1048576k(452004k free), swap 0k(0k free)
Page Sizes: 4k

vm_info: OpenJDK 64-Bit Server VM (17.0.5+8-jvmci-22.3-b08) for linux-amd64 JRE (17.0.5+8-jvmci-22.3-b08), built on Oct 19 2022 09:01:27 by "buildslave" with gcc 10.3.0

END.
